[     541ms] [INFO] %cDownload the React DevTools for a better development experience: https://react.dev/link/react-devtools font-weight:bold @ http://localhost:3000/_next/static/chunks/0su0_next_dist_0nctl3x._.js:2431
[     562ms] [LOG] [HMR] connected @ http://localhost:3000/_next/static/chunks/0su0_next_dist_0nctl3x._.js:2431
[  131932ms] [LOG] [Fast Refresh] rebuilding @ http://localhost:3000/_next/static/chunks/0su0_next_dist_0nctl3x._.js:2431
[  131960ms] [LOG] [Fast Refresh] done in 70ms @ http://localhost:3000/_next/static/chunks/0su0_next_dist_0nctl3x._.js:2431
[  132328ms] [LOG] [Fast Refresh] rebuilding @ http://localhost:3000/_next/static/chunks/0su0_next_dist_0nctl3x._.js:2431
[  132358ms] [LOG] [Fast Refresh] done in 52ms @ http://localhost:3000/_next/static/chunks/0su0_next_dist_0nctl3x._.js:2431
[  138335ms] [LOG] [Fast Refresh] rebuilding @ http://localhost:3000/_next/static/chunks/0su0_next_dist_0nctl3x._.js:2431
[  138363ms] [LOG] [Fast Refresh] done in 54ms @ http://localhost:3000/_next/static/chunks/0su0_next_dist_0nctl3x._.js:2431
[  138721ms] [LOG] [Fast Refresh] rebuilding @ http://localhost:3000/_next/static/chunks/0su0_next_dist_0nctl3x._.js:2431
[  138792ms] [ERROR] ./EduMatch/edumatch-mingaku/src/components/community/forum-bubble-graph/BubbleGraphCanvas.tsx:146:21
Expected ';', '}' or <eof>
  144 |     nodes,
  145 |     layoutMode,
> 146 |     spokeFromPrimary: isSubcategory,
      |                     ^
  147 |     onBubbleNavigate: (href) => router.push(href),
  148 |     panEnabled: !isSubcategory,
  149 |     fillViewport,

Parsing ecmascript source code failed

Import traces:
  Client Component Browser:
    ./EduMatch/edumatch-mingaku/src/components/community/forum-bubble-graph/BubbleGraphCanvas.tsx [Client Component Browser]
    ./EduMatch/edumatch-mingaku/src/components/interop/interop-top-bubble-map.tsx [Client Component Browser]
    ./EduMatch/edumatch-mingaku/src/components/interop/interop-explorer.tsx [Client Component Browser]
    ./EduMatch/edumatch-mingaku/src/components/interop/interop-explorer.tsx [Server Component]
    ./EduMatch/edumatch-mingaku/src/app/interop/page.tsx [Server Component]

  Client Component SSR:
    ./EduMatch/edumatch-mingaku/src/components/community/forum-bubble-graph/BubbleGraphCanvas.tsx [Client Component SSR]
    ./EduMatch/edumatch-mingaku/src/components/interop/interop-top-bubble-map.tsx [Client Component SSR]
    ./EduMatch/edumatch-mingaku/src/components/interop/interop-explorer.tsx [Client Component SSR]
    ./EduMatch/edumatch-mingaku/src/components/interop/interop-explorer.tsx [Server Component]
    ./EduMatch/edumatch-mingaku/src/app/interop/page.tsx [Server Component] @ http://localhost:3000/_next/static/chunks/0su0_next_dist_0nctl3x._.js:3272
[  138857ms] [ERROR] ./EduMatch/edumatch-mingaku/src/components/community/forum-bubble-graph/BubbleGraphCanvas.tsx:146:21
Expected ';', '}' or <eof>
  144 |     nodes,
  145 |     layoutMode,
> 146 |     spokeFromPrimary: isSubcategory,
      |                     ^
  147 |     onBubbleNavigate: (href) => router.push(href),
  148 |     panEnabled: !isSubcategory,
  149 |     fillViewport,

Parsing ecmascript source code failed

Import traces:
  Client Component Browser:
    ./EduMatch/edumatch-mingaku/src/components/community/forum-bubble-graph/BubbleGraphCanvas.tsx [Client Component Browser]
    ./EduMatch/edumatch-mingaku/src/components/interop/interop-top-bubble-map.tsx [Client Component Browser]
    ./EduMatch/edumatch-mingaku/src/components/interop/interop-explorer.tsx [Client Component Browser]
    ./EduMatch/edumatch-mingaku/src/components/interop/interop-explorer.tsx [Server Component]
    ./EduMatch/edumatch-mingaku/src/app/interop/page.tsx [Server Component]

  Client Component SSR:
    ./EduMatch/edumatch-mingaku/src/components/community/forum-bubble-graph/BubbleGraphCanvas.tsx [Client Component SSR]
    ./EduMatch/edumatch-mingaku/src/components/interop/interop-top-bubble-map.tsx [Client Component SSR]
    ./EduMatch/edumatch-mingaku/src/components/interop/interop-explorer.tsx [Client Component SSR]
    ./EduMatch/edumatch-mingaku/src/components/interop/interop-explorer.tsx [Server Component]
    ./EduMatch/edumatch-mingaku/src/app/interop/page.tsx [Server Component] @ http://localhost:3000/_next/static/chunks/0su0_next_dist_0nctl3x._.js:3272
[  138924ms] [LOG] [Fast Refresh] rebuilding @ http://localhost:3000/_next/static/chunks/0su0_next_dist_0nctl3x._.js:2431
[  143601ms] [LOG] [Fast Refresh] rebuilding @ http://localhost:3000/_next/static/chunks/0su0_next_dist_0nctl3x._.js:2431
[  143633ms] [LOG] [Fast Refresh] done in 65ms @ http://localhost:3000/_next/static/chunks/0su0_next_dist_0nctl3x._.js:2431
[  146576ms] [LOG] [Fast Refresh] rebuilding @ http://localhost:3000/_next/static/chunks/0su0_next_dist_0nctl3x._.js:2431
[  146606ms] [LOG] [Fast Refresh] done in 48ms @ http://localhost:3000/_next/static/chunks/0su0_next_dist_0nctl3x._.js:2431
[  146791ms] [LOG] [Fast Refresh] rebuilding @ http://localhost:3000/_next/static/chunks/0su0_next_dist_0nctl3x._.js:2431
[  146821ms] [LOG] [Fast Refresh] done in 53ms @ http://localhost:3000/_next/static/chunks/0su0_next_dist_0nctl3x._.js:2431
[  147049ms] [LOG] [Fast Refresh] rebuilding @ http://localhost:3000/_next/static/chunks/0su0_next_dist_0nctl3x._.js:2431
[  147078ms] [LOG] [Fast Refresh] done in 48ms @ http://localhost:3000/_next/static/chunks/0su0_next_dist_0nctl3x._.js:2431
