[     172ms] [INFO] %cDownload the React DevTools for a better development experience: https://react.dev/link/react-devtools font-weight:bold @ http://localhost:3000/_next/static/chunks/0su0_next_dist_0nctl3x._.js:2431
[     185ms] [LOG] [HMR] connected @ http://localhost:3000/_next/static/chunks/0su0_next_dist_0nctl3x._.js:2431
[   21590ms] [LOG] [Fast Refresh] rebuilding @ http://localhost:3000/_next/static/chunks/0su0_next_dist_0nctl3x._.js:2431
[   21619ms] [LOG] [Fast Refresh] done in 70ms @ http://localhost:3000/_next/static/chunks/0su0_next_dist_0nctl3x._.js:2431
[   24832ms] [LOG] [Fast Refresh] rebuilding @ http://localhost:3000/_next/static/chunks/0su0_next_dist_0nctl3x._.js:2431
[   24862ms] [LOG] [Fast Refresh] done in 56ms @ http://localhost:3000/_next/static/chunks/0su0_next_dist_0nctl3x._.js:2431
[   26438ms] [LOG] [Fast Refresh] rebuilding @ http://localhost:3000/_next/static/chunks/0su0_next_dist_0nctl3x._.js:2431
[   26450ms] [ERROR] %o

%s ReferenceError: computeBubbleDiameter is not defined
    at InteropTopBubbleMap.useMemo[diameters] (http://localhost:3000/_next/static/chunks/EduMatch_edumatch-mingaku_src_0a.z8y-._.js?id=%255Bproject%255D%252FEduMatch%252Fedumatch-mingaku%252Fsrc%252Fcomponents%252Finterop%252Finterop-top-bubble-map.tsx+%255Bapp-client%255D+%2528ecmascript%2529:73:55)
    at updateMemo (http://localhost:3000/_next/static/chunks/0su0_next_dist_compiled_react-dom_0gxrnli._.js:5413:21)
    at Object.useMemo (http://localhost:3000/_next/static/chunks/0su0_next_dist_compiled_react-dom_0gxrnli._.js:15465:24)
    at exports.useMemo (http://localhost:3000/_next/static/chunks/0su0_next_dist_compiled_0wc94_r._.js:1742:36)
    at InteropTopBubbleMap (http://localhost:3000/_next/static/chunks/EduMatch_edumatch-mingaku_src_0a.z8y-._.js?id=%255Bproject%255D%252FEduMatch%252Fedumatch-mingaku%252Fsrc%252Fcomponents%252Finterop%252Finterop-top-bubble-map.tsx+%255Bapp-client%255D+%2528ecmascript%2529:72:231)
    at Object.react_stack_bottom_frame (http://localhost:3000/_next/static/chunks/0su0_next_dist_compiled_react-dom_0gxrnli._.js:15037:24)
    at renderWithHooks (http://localhost:3000/_next/static/chunks/0su0_next_dist_compiled_react-dom_0gxrnli._.js:4620:24)
    at updateFunctionComponent (http://localhost:3000/_next/static/chunks/0su0_next_dist_compiled_react-dom_0gxrnli._.js:6081:21)
    at beginWork (http://localhost:3000/_next/static/chunks/0su0_next_dist_compiled_react-dom_0gxrnli._.js:6691:24)
    at runWithFiberInDEV (http://localhost:3000/_next/static/chunks/0su0_next_dist_compiled_react-dom_0gxrnli._.js:965:74)
    at performUnitOfWork (http://localhost:3000/_next/static/chunks/0su0_next_dist_compiled_react-dom_0gxrnli._.js:9555:97)
    at workLoopSync (http://localhost:3000/_next/static/chunks/0su0_next_dist_compiled_react-dom_0gxrnli._.js:9449:40)
    at renderRootSync (http://localhost:3000/_next/static/chunks/0su0_next_dist_compiled_react-dom_0gxrnli._.js:9433:13)
    at performWorkOnRoot (http://localhost:3000/_next/static/chunks/0su0_next_dist_compiled_react-dom_0gxrnli._.js:9098:47)
    at performSyncWorkOnRoot (http://localhost:3000/_next/static/chunks/0su0_next_dist_compiled_react-dom_0gxrnli._.js:10263:9)
    at flushSyncWorkAcrossRoots_impl (http://localhost:3000/_next/static/chunks/0su0_next_dist_compiled_react-dom_0gxrnli._.js:10179:316)
    at flushSyncWork$1 (http://localhost:3000/_next/static/chunks/0su0_next_dist_compiled_react-dom_0gxrnli._.js:9230:86)
    at Object.scheduleRefresh (http://localhost:3000/_next/static/chunks/0su0_next_dist_compiled_react-dom_0gxrnli._.js:299:13)
    at http://localhost:3000/_next/static/chunks/0su0_next_dist_compiled_0wc94_r._.js:391:33
    at Set.forEach (<anonymous>)
    at Object.performReactRefresh (http://localhost:3000/_next/static/chunks/0su0_next_dist_compiled_0wc94_r._.js:384:38)
    at applyUpdate (http://localhost:3000/_next/static/chunks/0su0_next_dist_compiled_0wc94_r._.js:878:31)
    at http://localhost:3000/_next/static/chunks/0su0_next_dist_compiled_0wc94_r._.js:886:13 The above error occurred in the <InteropTopBubbleMap> component. It was handled by the <ErrorBoundaryHandler> error boundary. @ http://localhost:3000/_next/static/chunks/0su0_next_dist_client_0sv9c-i._.js:1998
[   26452ms] [ERROR] ReferenceError: computeBubbleDiameter is not defined
    at InteropTopBubbleMap.useMemo[diameters] (http://localhost:3000/_next/static/chunks/EduMatch_edumatch-mingaku_src_0a.z8y-._.js?id=%255Bproject%255D%252FEduMatch%252Fedumatch-mingaku%252Fsrc%252Fcomponents%252Finterop%252Finterop-top-bubble-map.tsx+%255Bapp-client%255D+%2528ecmascript%2529:73:55)
    at updateMemo (http://localhost:3000/_next/static/chunks/0su0_next_dist_compiled_react-dom_0gxrnli._.js:5413:21)
    at Object.useMemo (http://localhost:3000/_next/static/chunks/0su0_next_dist_compiled_react-dom_0gxrnli._.js:15465:24)
    at exports.useMemo (http://localhost:3000/_next/static/chunks/0su0_next_dist_compiled_0wc94_r._.js:1742:36)
    at InteropTopBubbleMap (http://localhost:3000/_next/static/chunks/EduMatch_edumatch-mingaku_src_0a.z8y-._.js?id=%255Bproject%255D%252FEduMatch%252Fedumatch-mingaku%252Fsrc%252Fcomponents%252Finterop%252Finterop-top-bubble-map.tsx+%255Bapp-client%255D+%2528ecmascript%2529:72:231)
    at Object.react_stack_bottom_frame (http://localhost:3000/_next/static/chunks/0su0_next_dist_compiled_react-dom_0gxrnli._.js:15037:24)
    at renderWithHooks (http://localhost:3000/_next/static/chunks/0su0_next_dist_compiled_react-dom_0gxrnli._.js:4620:24)
    at updateFunctionComponent (http://localhost:3000/_next/static/chunks/0su0_next_dist_compiled_react-dom_0gxrnli._.js:6081:21)
    at beginWork (http://localhost:3000/_next/static/chunks/0su0_next_dist_compiled_react-dom_0gxrnli._.js:6691:24)
    at runWithFiberInDEV (http://localhost:3000/_next/static/chunks/0su0_next_dist_compiled_react-dom_0gxrnli._.js:965:74)
    at performUnitOfWork (http://localhost:3000/_next/static/chunks/0su0_next_dist_compiled_react-dom_0gxrnli._.js:9555:97)
    at workLoopSync (http://localhost:3000/_next/static/chunks/0su0_next_dist_compiled_react-dom_0gxrnli._.js:9449:40)
    at renderRootSync (http://localhost:3000/_next/static/chunks/0su0_next_dist_compiled_react-dom_0gxrnli._.js:9433:13)
    at performWorkOnRoot (http://localhost:3000/_next/static/chunks/0su0_next_dist_compiled_react-dom_0gxrnli._.js:9098:47)
    at performSyncWorkOnRoot (http://localhost:3000/_next/static/chunks/0su0_next_dist_compiled_react-dom_0gxrnli._.js:10263:9)
    at flushSyncWorkAcrossRoots_impl (http://localhost:3000/_next/static/chunks/0su0_next_dist_compiled_react-dom_0gxrnli._.js:10179:316)
    at flushSyncWork$1 (http://localhost:3000/_next/static/chunks/0su0_next_dist_compiled_react-dom_0gxrnli._.js:9230:86)
    at Object.scheduleRefresh (http://localhost:3000/_next/static/chunks/0su0_next_dist_compiled_react-dom_0gxrnli._.js:299:13)
    at http://localhost:3000/_next/static/chunks/0su0_next_dist_compiled_0wc94_r._.js:391:33
    at Set.forEach (<anonymous>)
    at Object.performReactRefresh (http://localhost:3000/_next/static/chunks/0su0_next_dist_compiled_0wc94_r._.js:384:38)
    at applyUpdate (http://localhost:3000/_next/static/chunks/0su0_next_dist_compiled_0wc94_r._.js:878:31)
    at http://localhost:3000/_next/static/chunks/0su0_next_dist_compiled_0wc94_r._.js:886:13 @ http://localhost:3000/_next/static/chunks/0su0_next_dist_0nctl3x._.js:3272
[   26452ms] [ERROR] ReferenceError: computeBubbleDiameter is not defined
    at InteropTopBubbleMap.useMemo[diameters] (http://localhost:3000/_next/static/chunks/EduMatch_edumatch-mingaku_src_0a.z8y-._.js?id=%255Bproject%255D%252FEduMatch%252Fedumatch-mingaku%252Fsrc%252Fcomponents%252Finterop%252Finterop-top-bubble-map.tsx+%255Bapp-client%255D+%2528ecmascript%2529:73:55)
    at updateMemo (http://localhost:3000/_next/static/chunks/0su0_next_dist_compiled_react-dom_0gxrnli._.js:5413:21)
    at Object.useMemo (http://localhost:3000/_next/static/chunks/0su0_next_dist_compiled_react-dom_0gxrnli._.js:15465:24)
    at exports.useMemo (http://localhost:3000/_next/static/chunks/0su0_next_dist_compiled_0wc94_r._.js:1742:36)
    at InteropTopBubbleMap (http://localhost:3000/_next/static/chunks/EduMatch_edumatch-mingaku_src_0a.z8y-._.js?id=%255Bproject%255D%252FEduMatch%252Fedumatch-mingaku%252Fsrc%252Fcomponents%252Finterop%252Finterop-top-bubble-map.tsx+%255Bapp-client%255D+%2528ecmascript%2529:72:231)
    at Object.react_stack_bottom_frame (http://localhost:3000/_next/static/chunks/0su0_next_dist_compiled_react-dom_0gxrnli._.js:15037:24)
    at renderWithHooks (http://localhost:3000/_next/static/chunks/0su0_next_dist_compiled_react-dom_0gxrnli._.js:4620:24)
    at updateFunctionComponent (http://localhost:3000/_next/static/chunks/0su0_next_dist_compiled_react-dom_0gxrnli._.js:6081:21)
    at beginWork (http://localhost:3000/_next/static/chunks/0su0_next_dist_compiled_react-dom_0gxrnli._.js:6691:24)
    at runWithFiberInDEV (http://localhost:3000/_next/static/chunks/0su0_next_dist_compiled_react-dom_0gxrnli._.js:965:74)
    at performUnitOfWork (http://localhost:3000/_next/static/chunks/0su0_next_dist_compiled_react-dom_0gxrnli._.js:9555:97)
    at workLoopSync (http://localhost:3000/_next/static/chunks/0su0_next_dist_compiled_react-dom_0gxrnli._.js:9449:40)
    at renderRootSync (http://localhost:3000/_next/static/chunks/0su0_next_dist_compiled_react-dom_0gxrnli._.js:9433:13)
    at performWorkOnRoot (http://localhost:3000/_next/static/chunks/0su0_next_dist_compiled_react-dom_0gxrnli._.js:9098:47)
    at performSyncWorkOnRoot (http://localhost:3000/_next/static/chunks/0su0_next_dist_compiled_react-dom_0gxrnli._.js:10263:9)
    at flushSyncWorkAcrossRoots_impl (http://localhost:3000/_next/static/chunks/0su0_next_dist_compiled_react-dom_0gxrnli._.js:10179:316)
    at flushSyncWork$1 (http://localhost:3000/_next/static/chunks/0su0_next_dist_compiled_react-dom_0gxrnli._.js:9230:86)
    at Object.scheduleRefresh (http://localhost:3000/_next/static/chunks/0su0_next_dist_compiled_react-dom_0gxrnli._.js:299:13)
    at http://localhost:3000/_next/static/chunks/0su0_next_dist_compiled_0wc94_r._.js:391:33
    at Set.forEach (<anonymous>)
    at Object.performReactRefresh (http://localhost:3000/_next/static/chunks/0su0_next_dist_compiled_0wc94_r._.js:384:38)
    at applyUpdate (http://localhost:3000/_next/static/chunks/0su0_next_dist_compiled_0wc94_r._.js:878:31)
    at http://localhost:3000/_next/static/chunks/0su0_next_dist_compiled_0wc94_r._.js:886:13 @ http://localhost:3000/_next/static/chunks/0su0_next_dist_0nctl3x._.js:3272
[   26476ms] [LOG] [Fast Refresh] done in 58ms @ http://localhost:3000/_next/static/chunks/0su0_next_dist_0nctl3x._.js:2431
[   26682ms] [LOG] [Fast Refresh] rebuilding @ http://localhost:3000/_next/static/chunks/0su0_next_dist_0nctl3x._.js:2431
[   26724ms] [LOG] [Fast Refresh] done in 57ms @ http://localhost:3000/_next/static/chunks/0su0_next_dist_0nctl3x._.js:2431
[   26886ms] [ERROR] %o

%s ReferenceError: computeBubbleDiameter is not defined
    at InteropTopBubbleMap.useMemo[diameters] (http://localhost:3000/_next/static/chunks/EduMatch_edumatch-mingaku_src_0a.z8y-._.js?id=%255Bproject%255D%252FEduMatch%252Fedumatch-mingaku%252Fsrc%252Fcomponents%252Finterop%252Finterop-top-bubble-map.tsx+%255Bapp-client%255D+%2528ecmascript%2529:76:55)
    at mountMemo (http://localhost:3000/_next/static/chunks/0su0_next_dist_compiled_react-dom_0gxrnli._.js:5393:25)
    at Object.useMemo (http://localhost:3000/_next/static/chunks/0su0_next_dist_compiled_react-dom_0gxrnli._.js:15213:24)
    at exports.useMemo (http://localhost:3000/_next/static/chunks/0su0_next_dist_compiled_0wc94_r._.js:1742:36)
    at InteropTopBubbleMap (http://localhost:3000/_next/static/chunks/EduMatch_edumatch-mingaku_src_0a.z8y-._.js?id=%255Bproject%255D%252FEduMatch%252Fedumatch-mingaku%252Fsrc%252Fcomponents%252Finterop%252Finterop-top-bubble-map.tsx+%255Bapp-client%255D+%2528ecmascript%2529:75:231)
    at Object.react_stack_bottom_frame (http://localhost:3000/_next/static/chunks/0su0_next_dist_compiled_react-dom_0gxrnli._.js:15037:24)
    at renderWithHooks (http://localhost:3000/_next/static/chunks/0su0_next_dist_compiled_react-dom_0gxrnli._.js:4620:24)
    at updateFunctionComponent (http://localhost:3000/_next/static/chunks/0su0_next_dist_compiled_react-dom_0gxrnli._.js:6081:21)
    at beginWork (http://localhost:3000/_next/static/chunks/0su0_next_dist_compiled_react-dom_0gxrnli._.js:6691:24)
    at runWithFiberInDEV (http://localhost:3000/_next/static/chunks/0su0_next_dist_compiled_react-dom_0gxrnli._.js:965:74)
    at performUnitOfWork (http://localhost:3000/_next/static/chunks/0su0_next_dist_compiled_react-dom_0gxrnli._.js:9555:97)
    at workLoopSync (http://localhost:3000/_next/static/chunks/0su0_next_dist_compiled_react-dom_0gxrnli._.js:9449:40)
    at renderRootSync (http://localhost:3000/_next/static/chunks/0su0_next_dist_compiled_react-dom_0gxrnli._.js:9433:13)
    at performWorkOnRoot (http://localhost:3000/_next/static/chunks/0su0_next_dist_compiled_react-dom_0gxrnli._.js:9098:47)
    at performWorkOnRootViaSchedulerTask (http://localhost:3000/_next/static/chunks/0su0_next_dist_compiled_react-dom_0gxrnli._.js:10255:9)
    at MessagePort.performWorkUntilDeadline (http://localhost:3000/_next/static/chunks/0su0_next_dist_compiled_0wc94_r._.js:2647:64) The above error occurred in the <InteropTopBubbleMap> component. It was handled by the <ErrorBoundaryHandler> error boundary. @ http://localhost:3000/_next/static/chunks/0su0_next_dist_client_0sv9c-i._.js:1998
[   26908ms] [ERROR] ReferenceError: computeBubbleDiameter is not defined
    at InteropTopBubbleMap.useMemo[diameters] (http://localhost:3000/_next/static/chunks/EduMatch_edumatch-mingaku_src_0a.z8y-._.js?id=%255Bproject%255D%252FEduMatch%252Fedumatch-mingaku%252Fsrc%252Fcomponents%252Finterop%252Finterop-top-bubble-map.tsx+%255Bapp-client%255D+%2528ecmascript%2529:76:55)
    at mountMemo (http://localhost:3000/_next/static/chunks/0su0_next_dist_compiled_react-dom_0gxrnli._.js:5393:25)
    at Object.useMemo (http://localhost:3000/_next/static/chunks/0su0_next_dist_compiled_react-dom_0gxrnli._.js:15213:24)
    at exports.useMemo (http://localhost:3000/_next/static/chunks/0su0_next_dist_compiled_0wc94_r._.js:1742:36)
    at InteropTopBubbleMap (http://localhost:3000/_next/static/chunks/EduMatch_edumatch-mingaku_src_0a.z8y-._.js?id=%255Bproject%255D%252FEduMatch%252Fedumatch-mingaku%252Fsrc%252Fcomponents%252Finterop%252Finterop-top-bubble-map.tsx+%255Bapp-client%255D+%2528ecmascript%2529:75:231)
    at Object.react_stack_bottom_frame (http://localhost:3000/_next/static/chunks/0su0_next_dist_compiled_react-dom_0gxrnli._.js:15037:24)
    at renderWithHooks (http://localhost:3000/_next/static/chunks/0su0_next_dist_compiled_react-dom_0gxrnli._.js:4620:24)
    at updateFunctionComponent (http://localhost:3000/_next/static/chunks/0su0_next_dist_compiled_react-dom_0gxrnli._.js:6081:21)
    at beginWork (http://localhost:3000/_next/static/chunks/0su0_next_dist_compiled_react-dom_0gxrnli._.js:6691:24)
    at runWithFiberInDEV (http://localhost:3000/_next/static/chunks/0su0_next_dist_compiled_react-dom_0gxrnli._.js:965:74)
    at performUnitOfWork (http://localhost:3000/_next/static/chunks/0su0_next_dist_compiled_react-dom_0gxrnli._.js:9555:97)
    at workLoopSync (http://localhost:3000/_next/static/chunks/0su0_next_dist_compiled_react-dom_0gxrnli._.js:9449:40)
    at renderRootSync (http://localhost:3000/_next/static/chunks/0su0_next_dist_compiled_react-dom_0gxrnli._.js:9433:13)
    at performWorkOnRoot (http://localhost:3000/_next/static/chunks/0su0_next_dist_compiled_react-dom_0gxrnli._.js:9098:47)
    at performWorkOnRootViaSchedulerTask (http://localhost:3000/_next/static/chunks/0su0_next_dist_compiled_react-dom_0gxrnli._.js:10255:9)
    at MessagePort.performWorkUntilDeadline (http://localhost:3000/_next/static/chunks/0su0_next_dist_compiled_0wc94_r._.js:2647:64) @ http://localhost:3000/_next/static/chunks/0su0_next_dist_0nctl3x._.js:3272
[   26908ms] [ERROR] ReferenceError: computeBubbleDiameter is not defined
    at InteropTopBubbleMap.useMemo[diameters] (http://localhost:3000/_next/static/chunks/EduMatch_edumatch-mingaku_src_0a.z8y-._.js?id=%255Bproject%255D%252FEduMatch%252Fedumatch-mingaku%252Fsrc%252Fcomponents%252Finterop%252Finterop-top-bubble-map.tsx+%255Bapp-client%255D+%2528ecmascript%2529:76:55)
    at mountMemo (http://localhost:3000/_next/static/chunks/0su0_next_dist_compiled_react-dom_0gxrnli._.js:5393:25)
    at Object.useMemo (http://localhost:3000/_next/static/chunks/0su0_next_dist_compiled_react-dom_0gxrnli._.js:15213:24)
    at exports.useMemo (http://localhost:3000/_next/static/chunks/0su0_next_dist_compiled_0wc94_r._.js:1742:36)
    at InteropTopBubbleMap (http://localhost:3000/_next/static/chunks/EduMatch_edumatch-mingaku_src_0a.z8y-._.js?id=%255Bproject%255D%252FEduMatch%252Fedumatch-mingaku%252Fsrc%252Fcomponents%252Finterop%252Finterop-top-bubble-map.tsx+%255Bapp-client%255D+%2528ecmascript%2529:75:231)
    at Object.react_stack_bottom_frame (http://localhost:3000/_next/static/chunks/0su0_next_dist_compiled_react-dom_0gxrnli._.js:15037:24)
    at renderWithHooks (http://localhost:3000/_next/static/chunks/0su0_next_dist_compiled_react-dom_0gxrnli._.js:4620:24)
    at updateFunctionComponent (http://localhost:3000/_next/static/chunks/0su0_next_dist_compiled_react-dom_0gxrnli._.js:6081:21)
    at beginWork (http://localhost:3000/_next/static/chunks/0su0_next_dist_compiled_react-dom_0gxrnli._.js:6691:24)
    at runWithFiberInDEV (http://localhost:3000/_next/static/chunks/0su0_next_dist_compiled_react-dom_0gxrnli._.js:965:74)
    at performUnitOfWork (http://localhost:3000/_next/static/chunks/0su0_next_dist_compiled_react-dom_0gxrnli._.js:9555:97)
    at workLoopSync (http://localhost:3000/_next/static/chunks/0su0_next_dist_compiled_react-dom_0gxrnli._.js:9449:40)
    at renderRootSync (http://localhost:3000/_next/static/chunks/0su0_next_dist_compiled_react-dom_0gxrnli._.js:9433:13)
    at performWorkOnRoot (http://localhost:3000/_next/static/chunks/0su0_next_dist_compiled_react-dom_0gxrnli._.js:9098:47)
    at performWorkOnRootViaSchedulerTask (http://localhost:3000/_next/static/chunks/0su0_next_dist_compiled_react-dom_0gxrnli._.js:10255:9)
    at MessagePort.performWorkUntilDeadline (http://localhost:3000/_next/static/chunks/0su0_next_dist_compiled_0wc94_r._.js:2647:64) @ http://localhost:3000/_next/static/chunks/0su0_next_dist_0nctl3x._.js:3272
[   27097ms] [LOG] [Fast Refresh] rebuilding @ http://localhost:3000/_next/static/chunks/0su0_next_dist_0nctl3x._.js:2431
[   27135ms] [LOG] [Fast Refresh] done in 48ms @ http://localhost:3000/_next/static/chunks/0su0_next_dist_0nctl3x._.js:2431
[   27397ms] [ERROR] %o

%s ReferenceError: diameters is not defined
    at InteropTopBubbleMap (http://localhost:3000/_next/static/chunks/EduMatch_edumatch-mingaku_src_0a.z8y-._.js?id=%255Bproject%255D%252FEduMatch%252Fedumatch-mingaku%252Fsrc%252Fcomponents%252Finterop%252Finterop-top-bubble-map.tsx+%255Bapp-client%255D+%2528ecmascript%2529:185:9)
    at Object.react_stack_bottom_frame (http://localhost:3000/_next/static/chunks/0su0_next_dist_compiled_react-dom_0gxrnli._.js:15037:24)
    at renderWithHooks (http://localhost:3000/_next/static/chunks/0su0_next_dist_compiled_react-dom_0gxrnli._.js:4620:24)
    at updateFunctionComponent (http://localhost:3000/_next/static/chunks/0su0_next_dist_compiled_react-dom_0gxrnli._.js:6081:21)
    at beginWork (http://localhost:3000/_next/static/chunks/0su0_next_dist_compiled_react-dom_0gxrnli._.js:6691:24)
    at runWithFiberInDEV (http://localhost:3000/_next/static/chunks/0su0_next_dist_compiled_react-dom_0gxrnli._.js:965:74)
    at performUnitOfWork (http://localhost:3000/_next/static/chunks/0su0_next_dist_compiled_react-dom_0gxrnli._.js:9555:97)
    at workLoopSync (http://localhost:3000/_next/static/chunks/0su0_next_dist_compiled_react-dom_0gxrnli._.js:9449:40)
    at renderRootSync (http://localhost:3000/_next/static/chunks/0su0_next_dist_compiled_react-dom_0gxrnli._.js:9433:13)
    at performWorkOnRoot (http://localhost:3000/_next/static/chunks/0su0_next_dist_compiled_react-dom_0gxrnli._.js:9098:47)
    at performWorkOnRootViaSchedulerTask (http://localhost:3000/_next/static/chunks/0su0_next_dist_compiled_react-dom_0gxrnli._.js:10255:9)
    at MessagePort.performWorkUntilDeadline (http://localhost:3000/_next/static/chunks/0su0_next_dist_compiled_0wc94_r._.js:2647:64) The above error occurred in the <InteropTopBubbleMap> component. It was handled by the <ErrorBoundaryHandler> error boundary. @ http://localhost:3000/_next/static/chunks/0su0_next_dist_client_0sv9c-i._.js:1998
[   27400ms] [ERROR] ReferenceError: diameters is not defined
    at InteropTopBubbleMap (http://localhost:3000/_next/static/chunks/EduMatch_edumatch-mingaku_src_0a.z8y-._.js?id=%255Bproject%255D%252FEduMatch%252Fedumatch-mingaku%252Fsrc%252Fcomponents%252Finterop%252Finterop-top-bubble-map.tsx+%255Bapp-client%255D+%2528ecmascript%2529:185:9)
    at Object.react_stack_bottom_frame (http://localhost:3000/_next/static/chunks/0su0_next_dist_compiled_react-dom_0gxrnli._.js:15037:24)
    at renderWithHooks (http://localhost:3000/_next/static/chunks/0su0_next_dist_compiled_react-dom_0gxrnli._.js:4620:24)
    at updateFunctionComponent (http://localhost:3000/_next/static/chunks/0su0_next_dist_compiled_react-dom_0gxrnli._.js:6081:21)
    at beginWork (http://localhost:3000/_next/static/chunks/0su0_next_dist_compiled_react-dom_0gxrnli._.js:6691:24)
    at runWithFiberInDEV (http://localhost:3000/_next/static/chunks/0su0_next_dist_compiled_react-dom_0gxrnli._.js:965:74)
    at performUnitOfWork (http://localhost:3000/_next/static/chunks/0su0_next_dist_compiled_react-dom_0gxrnli._.js:9555:97)
    at workLoopSync (http://localhost:3000/_next/static/chunks/0su0_next_dist_compiled_react-dom_0gxrnli._.js:9449:40)
    at renderRootSync (http://localhost:3000/_next/static/chunks/0su0_next_dist_compiled_react-dom_0gxrnli._.js:9433:13)
    at performWorkOnRoot (http://localhost:3000/_next/static/chunks/0su0_next_dist_compiled_react-dom_0gxrnli._.js:9098:47)
    at performWorkOnRootViaSchedulerTask (http://localhost:3000/_next/static/chunks/0su0_next_dist_compiled_react-dom_0gxrnli._.js:10255:9)
    at MessagePort.performWorkUntilDeadline (http://localhost:3000/_next/static/chunks/0su0_next_dist_compiled_0wc94_r._.js:2647:64) @ http://localhost:3000/_next/static/chunks/0su0_next_dist_0nctl3x._.js:3272
[   27400ms] [ERROR] ReferenceError: diameters is not defined
    at InteropTopBubbleMap (http://localhost:3000/_next/static/chunks/EduMatch_edumatch-mingaku_src_0a.z8y-._.js?id=%255Bproject%255D%252FEduMatch%252Fedumatch-mingaku%252Fsrc%252Fcomponents%252Finterop%252Finterop-top-bubble-map.tsx+%255Bapp-client%255D+%2528ecmascript%2529:185:9)
    at Object.react_stack_bottom_frame (http://localhost:3000/_next/static/chunks/0su0_next_dist_compiled_react-dom_0gxrnli._.js:15037:24)
    at renderWithHooks (http://localhost:3000/_next/static/chunks/0su0_next_dist_compiled_react-dom_0gxrnli._.js:4620:24)
    at updateFunctionComponent (http://localhost:3000/_next/static/chunks/0su0_next_dist_compiled_react-dom_0gxrnli._.js:6081:21)
    at beginWork (http://localhost:3000/_next/static/chunks/0su0_next_dist_compiled_react-dom_0gxrnli._.js:6691:24)
    at runWithFiberInDEV (http://localhost:3000/_next/static/chunks/0su0_next_dist_compiled_react-dom_0gxrnli._.js:965:74)
    at performUnitOfWork (http://localhost:3000/_next/static/chunks/0su0_next_dist_compiled_react-dom_0gxrnli._.js:9555:97)
    at workLoopSync (http://localhost:3000/_next/static/chunks/0su0_next_dist_compiled_react-dom_0gxrnli._.js:9449:40)
    at renderRootSync (http://localhost:3000/_next/static/chunks/0su0_next_dist_compiled_react-dom_0gxrnli._.js:9433:13)
    at performWorkOnRoot (http://localhost:3000/_next/static/chunks/0su0_next_dist_compiled_react-dom_0gxrnli._.js:9098:47)
    at performWorkOnRootViaSchedulerTask (http://localhost:3000/_next/static/chunks/0su0_next_dist_compiled_react-dom_0gxrnli._.js:10255:9)
    at MessagePort.performWorkUntilDeadline (http://localhost:3000/_next/static/chunks/0su0_next_dist_compiled_0wc94_r._.js:2647:64) @ http://localhost:3000/_next/static/chunks/0su0_next_dist_0nctl3x._.js:3272
[   27431ms] [LOG] [Fast Refresh] rebuilding @ http://localhost:3000/_next/static/chunks/0su0_next_dist_0nctl3x._.js:2431
[   27468ms] [LOG] [Fast Refresh] done in 49ms @ http://localhost:3000/_next/static/chunks/0su0_next_dist_0nctl3x._.js:2431
[   27611ms] [ERROR] %o

%s ReferenceError: diameters is not defined
    at InteropTopBubbleMap (http://localhost:3000/_next/static/chunks/EduMatch_edumatch-mingaku_src_0a.z8y-._.js?id=%255Bproject%255D%252FEduMatch%252Fedumatch-mingaku%252Fsrc%252Fcomponents%252Finterop%252Finterop-top-bubble-map.tsx+%255Bapp-client%255D+%2528ecmascript%2529:185:9)
    at Object.react_stack_bottom_frame (http://localhost:3000/_next/static/chunks/0su0_next_dist_compiled_react-dom_0gxrnli._.js:15037:24)
    at renderWithHooks (http://localhost:3000/_next/static/chunks/0su0_next_dist_compiled_react-dom_0gxrnli._.js:4620:24)
    at updateFunctionComponent (http://localhost:3000/_next/static/chunks/0su0_next_dist_compiled_react-dom_0gxrnli._.js:6081:21)
    at beginWork (http://localhost:3000/_next/static/chunks/0su0_next_dist_compiled_react-dom_0gxrnli._.js:6691:24)
    at runWithFiberInDEV (http://localhost:3000/_next/static/chunks/0su0_next_dist_compiled_react-dom_0gxrnli._.js:965:74)
    at performUnitOfWork (http://localhost:3000/_next/static/chunks/0su0_next_dist_compiled_react-dom_0gxrnli._.js:9555:97)
    at workLoopSync (http://localhost:3000/_next/static/chunks/0su0_next_dist_compiled_react-dom_0gxrnli._.js:9449:40)
    at renderRootSync (http://localhost:3000/_next/static/chunks/0su0_next_dist_compiled_react-dom_0gxrnli._.js:9433:13)
    at performWorkOnRoot (http://localhost:3000/_next/static/chunks/0su0_next_dist_compiled_react-dom_0gxrnli._.js:9098:47)
    at performWorkOnRootViaSchedulerTask (http://localhost:3000/_next/static/chunks/0su0_next_dist_compiled_react-dom_0gxrnli._.js:10255:9)
    at MessagePort.performWorkUntilDeadline (http://localhost:3000/_next/static/chunks/0su0_next_dist_compiled_0wc94_r._.js:2647:64) The above error occurred in the <InteropTopBubbleMap> component. It was handled by the <ErrorBoundaryHandler> error boundary. @ http://localhost:3000/_next/static/chunks/0su0_next_dist_client_0sv9c-i._.js:1998
[   27614ms] [ERROR] ReferenceError: diameters is not defined
    at InteropTopBubbleMap (http://localhost:3000/_next/static/chunks/EduMatch_edumatch-mingaku_src_0a.z8y-._.js?id=%255Bproject%255D%252FEduMatch%252Fedumatch-mingaku%252Fsrc%252Fcomponents%252Finterop%252Finterop-top-bubble-map.tsx+%255Bapp-client%255D+%2528ecmascript%2529:185:9)
    at Object.react_stack_bottom_frame (http://localhost:3000/_next/static/chunks/0su0_next_dist_compiled_react-dom_0gxrnli._.js:15037:24)
    at renderWithHooks (http://localhost:3000/_next/static/chunks/0su0_next_dist_compiled_react-dom_0gxrnli._.js:4620:24)
    at updateFunctionComponent (http://localhost:3000/_next/static/chunks/0su0_next_dist_compiled_react-dom_0gxrnli._.js:6081:21)
    at beginWork (http://localhost:3000/_next/static/chunks/0su0_next_dist_compiled_react-dom_0gxrnli._.js:6691:24)
    at runWithFiberInDEV (http://localhost:3000/_next/static/chunks/0su0_next_dist_compiled_react-dom_0gxrnli._.js:965:74)
    at performUnitOfWork (http://localhost:3000/_next/static/chunks/0su0_next_dist_compiled_react-dom_0gxrnli._.js:9555:97)
    at workLoopSync (http://localhost:3000/_next/static/chunks/0su0_next_dist_compiled_react-dom_0gxrnli._.js:9449:40)
    at renderRootSync (http://localhost:3000/_next/static/chunks/0su0_next_dist_compiled_react-dom_0gxrnli._.js:9433:13)
    at performWorkOnRoot (http://localhost:3000/_next/static/chunks/0su0_next_dist_compiled_react-dom_0gxrnli._.js:9098:47)
    at performWorkOnRootViaSchedulerTask (http://localhost:3000/_next/static/chunks/0su0_next_dist_compiled_react-dom_0gxrnli._.js:10255:9)
    at MessagePort.performWorkUntilDeadline (http://localhost:3000/_next/static/chunks/0su0_next_dist_compiled_0wc94_r._.js:2647:64) @ http://localhost:3000/_next/static/chunks/0su0_next_dist_0nctl3x._.js:3272
[   27614ms] [ERROR] ReferenceError: diameters is not defined
    at InteropTopBubbleMap (http://localhost:3000/_next/static/chunks/EduMatch_edumatch-mingaku_src_0a.z8y-._.js?id=%255Bproject%255D%252FEduMatch%252Fedumatch-mingaku%252Fsrc%252Fcomponents%252Finterop%252Finterop-top-bubble-map.tsx+%255Bapp-client%255D+%2528ecmascript%2529:185:9)
    at Object.react_stack_bottom_frame (http://localhost:3000/_next/static/chunks/0su0_next_dist_compiled_react-dom_0gxrnli._.js:15037:24)
    at renderWithHooks (http://localhost:3000/_next/static/chunks/0su0_next_dist_compiled_react-dom_0gxrnli._.js:4620:24)
    at updateFunctionComponent (http://localhost:3000/_next/static/chunks/0su0_next_dist_compiled_react-dom_0gxrnli._.js:6081:21)
    at beginWork (http://localhost:3000/_next/static/chunks/0su0_next_dist_compiled_react-dom_0gxrnli._.js:6691:24)
    at runWithFiberInDEV (http://localhost:3000/_next/static/chunks/0su0_next_dist_compiled_react-dom_0gxrnli._.js:965:74)
    at performUnitOfWork (http://localhost:3000/_next/static/chunks/0su0_next_dist_compiled_react-dom_0gxrnli._.js:9555:97)
    at workLoopSync (http://localhost:3000/_next/static/chunks/0su0_next_dist_compiled_react-dom_0gxrnli._.js:9449:40)
    at renderRootSync (http://localhost:3000/_next/static/chunks/0su0_next_dist_compiled_react-dom_0gxrnli._.js:9433:13)
    at performWorkOnRoot (http://localhost:3000/_next/static/chunks/0su0_next_dist_compiled_react-dom_0gxrnli._.js:9098:47)
    at performWorkOnRootViaSchedulerTask (http://localhost:3000/_next/static/chunks/0su0_next_dist_compiled_react-dom_0gxrnli._.js:10255:9)
    at MessagePort.performWorkUntilDeadline (http://localhost:3000/_next/static/chunks/0su0_next_dist_compiled_0wc94_r._.js:2647:64) @ http://localhost:3000/_next/static/chunks/0su0_next_dist_0nctl3x._.js:3272
[   27684ms] [LOG] [Fast Refresh] rebuilding @ http://localhost:3000/_next/static/chunks/0su0_next_dist_0nctl3x._.js:2431
[   27729ms] [LOG] [Fast Refresh] done in 36ms @ http://localhost:3000/_next/static/chunks/0su0_next_dist_0nctl3x._.js:2431
[   27952ms] [ERROR] %o

%s ReferenceError: diameters is not defined
    at InteropTopBubbleMap (http://localhost:3000/_next/static/chunks/EduMatch_edumatch-mingaku_src_0a.z8y-._.js?id=%255Bproject%255D%252FEduMatch%252Fedumatch-mingaku%252Fsrc%252Fcomponents%252Finterop%252Finterop-top-bubble-map.tsx+%255Bapp-client%255D+%2528ecmascript%2529:185:9)
    at Object.react_stack_bottom_frame (http://localhost:3000/_next/static/chunks/0su0_next_dist_compiled_react-dom_0gxrnli._.js:15037:24)
    at renderWithHooks (http://localhost:3000/_next/static/chunks/0su0_next_dist_compiled_react-dom_0gxrnli._.js:4620:24)
    at updateFunctionComponent (http://localhost:3000/_next/static/chunks/0su0_next_dist_compiled_react-dom_0gxrnli._.js:6081:21)
    at beginWork (http://localhost:3000/_next/static/chunks/0su0_next_dist_compiled_react-dom_0gxrnli._.js:6691:24)
    at runWithFiberInDEV (http://localhost:3000/_next/static/chunks/0su0_next_dist_compiled_react-dom_0gxrnli._.js:965:74)
    at performUnitOfWork (http://localhost:3000/_next/static/chunks/0su0_next_dist_compiled_react-dom_0gxrnli._.js:9555:97)
    at workLoopSync (http://localhost:3000/_next/static/chunks/0su0_next_dist_compiled_react-dom_0gxrnli._.js:9449:40)
    at renderRootSync (http://localhost:3000/_next/static/chunks/0su0_next_dist_compiled_react-dom_0gxrnli._.js:9433:13)
    at performWorkOnRoot (http://localhost:3000/_next/static/chunks/0su0_next_dist_compiled_react-dom_0gxrnli._.js:9098:47)
    at performWorkOnRootViaSchedulerTask (http://localhost:3000/_next/static/chunks/0su0_next_dist_compiled_react-dom_0gxrnli._.js:10255:9)
    at MessagePort.performWorkUntilDeadline (http://localhost:3000/_next/static/chunks/0su0_next_dist_compiled_0wc94_r._.js:2647:64) The above error occurred in the <InteropTopBubbleMap> component. It was handled by the <ErrorBoundaryHandler> error boundary. @ http://localhost:3000/_next/static/chunks/0su0_next_dist_client_0sv9c-i._.js:1998
[   27954ms] [ERROR] ReferenceError: diameters is not defined
    at InteropTopBubbleMap (http://localhost:3000/_next/static/chunks/EduMatch_edumatch-mingaku_src_0a.z8y-._.js?id=%255Bproject%255D%252FEduMatch%252Fedumatch-mingaku%252Fsrc%252Fcomponents%252Finterop%252Finterop-top-bubble-map.tsx+%255Bapp-client%255D+%2528ecmascript%2529:185:9)
    at Object.react_stack_bottom_frame (http://localhost:3000/_next/static/chunks/0su0_next_dist_compiled_react-dom_0gxrnli._.js:15037:24)
    at renderWithHooks (http://localhost:3000/_next/static/chunks/0su0_next_dist_compiled_react-dom_0gxrnli._.js:4620:24)
    at updateFunctionComponent (http://localhost:3000/_next/static/chunks/0su0_next_dist_compiled_react-dom_0gxrnli._.js:6081:21)
    at beginWork (http://localhost:3000/_next/static/chunks/0su0_next_dist_compiled_react-dom_0gxrnli._.js:6691:24)
    at runWithFiberInDEV (http://localhost:3000/_next/static/chunks/0su0_next_dist_compiled_react-dom_0gxrnli._.js:965:74)
    at performUnitOfWork (http://localhost:3000/_next/static/chunks/0su0_next_dist_compiled_react-dom_0gxrnli._.js:9555:97)
    at workLoopSync (http://localhost:3000/_next/static/chunks/0su0_next_dist_compiled_react-dom_0gxrnli._.js:9449:40)
    at renderRootSync (http://localhost:3000/_next/static/chunks/0su0_next_dist_compiled_react-dom_0gxrnli._.js:9433:13)
    at performWorkOnRoot (http://localhost:3000/_next/static/chunks/0su0_next_dist_compiled_react-dom_0gxrnli._.js:9098:47)
    at performWorkOnRootViaSchedulerTask (http://localhost:3000/_next/static/chunks/0su0_next_dist_compiled_react-dom_0gxrnli._.js:10255:9)
    at MessagePort.performWorkUntilDeadline (http://localhost:3000/_next/static/chunks/0su0_next_dist_compiled_0wc94_r._.js:2647:64) @ http://localhost:3000/_next/static/chunks/0su0_next_dist_0nctl3x._.js:3272
[   27954ms] [ERROR] ReferenceError: diameters is not defined
    at InteropTopBubbleMap (http://localhost:3000/_next/static/chunks/EduMatch_edumatch-mingaku_src_0a.z8y-._.js?id=%255Bproject%255D%252FEduMatch%252Fedumatch-mingaku%252Fsrc%252Fcomponents%252Finterop%252Finterop-top-bubble-map.tsx+%255Bapp-client%255D+%2528ecmascript%2529:185:9)
    at Object.react_stack_bottom_frame (http://localhost:3000/_next/static/chunks/0su0_next_dist_compiled_react-dom_0gxrnli._.js:15037:24)
    at renderWithHooks (http://localhost:3000/_next/static/chunks/0su0_next_dist_compiled_react-dom_0gxrnli._.js:4620:24)
    at updateFunctionComponent (http://localhost:3000/_next/static/chunks/0su0_next_dist_compiled_react-dom_0gxrnli._.js:6081:21)
    at beginWork (http://localhost:3000/_next/static/chunks/0su0_next_dist_compiled_react-dom_0gxrnli._.js:6691:24)
    at runWithFiberInDEV (http://localhost:3000/_next/static/chunks/0su0_next_dist_compiled_react-dom_0gxrnli._.js:965:74)
    at performUnitOfWork (http://localhost:3000/_next/static/chunks/0su0_next_dist_compiled_react-dom_0gxrnli._.js:9555:97)
    at workLoopSync (http://localhost:3000/_next/static/chunks/0su0_next_dist_compiled_react-dom_0gxrnli._.js:9449:40)
    at renderRootSync (http://localhost:3000/_next/static/chunks/0su0_next_dist_compiled_react-dom_0gxrnli._.js:9433:13)
    at performWorkOnRoot (http://localhost:3000/_next/static/chunks/0su0_next_dist_compiled_react-dom_0gxrnli._.js:9098:47)
    at performWorkOnRootViaSchedulerTask (http://localhost:3000/_next/static/chunks/0su0_next_dist_compiled_react-dom_0gxrnli._.js:10255:9)
    at MessagePort.performWorkUntilDeadline (http://localhost:3000/_next/static/chunks/0su0_next_dist_compiled_0wc94_r._.js:2647:64) @ http://localhost:3000/_next/static/chunks/0su0_next_dist_0nctl3x._.js:3272
[   27989ms] [LOG] [Fast Refresh] rebuilding @ http://localhost:3000/_next/static/chunks/0su0_next_dist_0nctl3x._.js:2431
[   28026ms] [LOG] [Fast Refresh] done in 51ms @ http://localhost:3000/_next/static/chunks/0su0_next_dist_0nctl3x._.js:2431
[   28276ms] [LOG] [Fast Refresh] rebuilding @ http://localhost:3000/_next/static/chunks/0su0_next_dist_0nctl3x._.js:2431
[   28303ms] [LOG] [Fast Refresh] done in 48ms @ http://localhost:3000/_next/static/chunks/0su0_next_dist_0nctl3x._.js:2431
[   30044ms] [LOG] [Fast Refresh] rebuilding @ http://localhost:3000/_next/static/chunks/0su0_next_dist_0nctl3x._.js:2431
[   30073ms] [LOG] [Fast Refresh] done in 57ms @ http://localhost:3000/_next/static/chunks/0su0_next_dist_0nctl3x._.js:2431
[   30634ms] [LOG] [Fast Refresh] rebuilding @ http://localhost:3000/_next/static/chunks/0su0_next_dist_0nctl3x._.js:2431
[   30663ms] [LOG] [Fast Refresh] done in 47ms @ http://localhost:3000/_next/static/chunks/0su0_next_dist_0nctl3x._.js:2431
