[    7054ms] [INFO] %cDownload the React DevTools for a better development experience: https://react.dev/link/react-devtools font-weight:bold @ http://localhost:3001/_next/static/chunks/06j-_next_dist_0_ujkl8._.js:2431
[    7161ms] [LOG] [HMR] connected @ http://localhost:3001/_next/static/chunks/06j-_next_dist_0_ujkl8._.js:2431
[    7404ms] [WARNING] Image with src "https://lyoesgwecpcoaylsyiys.supabase.co/storage/v1/object/public/media/91c974b1-53c5-4474-8dd5-79077ed53b9c/1779172421058.png" was detected as the Largest Contentful Paint (LCP). Please add the `loading="eager"` property if this image is above the fold.
Read more: https://nextjs.org/docs/app/api-reference/components/image#loading @ http://localhost:3001/_next/static/chunks/06j-_next_dist_0_ujkl8._.js:2431
[   27948ms] [ERROR] WebSocket connection to 'ws://localhost:3001/_next/webpack-hmr?id=IsPEpSBwFnjSqQzM6fvU7' failed:  @ http://localhost:3001/_next/static/chunks/06j-_next_dist_client_0.0w1yb._.js:13299
[   27948ms] [ERROR] WebSocket connection to 'wss://lyoesgwecpcoaylsyiys.supabase.co/realtime/v1/websocket?apikey=eyJhbGciOiJIUzI1NiIsInR5cCI6IkpXVCJ9.eyJpc3MiOiJzdXBhYmFzZSIsInJlZiI6Imx5b2VzZ3dlY3Bjb2F5bHN5aXlzIiwicm9sZSI6ImFub24iLCJpYXQiOjE3Njg3OTM1NTAsImV4cCI6MjA4NDM2OTU1MH0.aLr2t6wxmNrqGQ2tD_gb3a-L7vDtDmvKQuy7mSBDaP8&vsn=1.0.0' failed:  @ http://localhost:3001/_next/static/chunks/06j-_13e63i1._.js:3527
[   28958ms] [ERROR] WebSocket connection to 'ws://localhost:3001/_next/webpack-hmr?id=IsPEpSBwFnjSqQzM6fvU7' failed: Error in connection establishment: net::ERR_CONNECTION_REFUSED @ http://localhost:3001/_next/static/chunks/06j-_next_dist_client_0.0w1yb._.js:13299
[   29226ms] [ERROR] Failed to load resource: net::ERR_CONNECTION_REFUSED @ http://localhost:3001/api/auth/me:0
[   29238ms] [ERROR] Failed to load resource: net::ERR_CONNECTION_REFUSED @ http://localhost:3001/api/notifications:0
[   29960ms] [ERROR] WebSocket connection to 'ws://localhost:3001/_next/webpack-hmr?id=IsPEpSBwFnjSqQzM6fvU7' failed: Error in connection establishment: net::ERR_CONNECTION_REFUSED @ http://localhost:3001/_next/static/chunks/06j-_next_dist_client_0.0w1yb._.js:13299
[   30963ms] [ERROR] WebSocket connection to 'ws://localhost:3001/_next/webpack-hmr?id=IsPEpSBwFnjSqQzM6fvU7' failed: Error in connection establishment: net::ERR_CONNECTION_REFUSED @ http://localhost:3001/_next/static/chunks/06j-_next_dist_client_0.0w1yb._.js:13299
[   31964ms] [ERROR] WebSocket connection to 'ws://localhost:3001/_next/webpack-hmr?id=IsPEpSBwFnjSqQzM6fvU7' failed: Error in connection establishment: net::ERR_CONNECTION_REFUSED @ http://localhost:3001/_next/static/chunks/06j-_next_dist_client_0.0w1yb._.js:13299
[   32967ms] [ERROR] WebSocket connection to 'ws://localhost:3001/_next/webpack-hmr?id=IsPEpSBwFnjSqQzM6fvU7' failed: Error in connection establishment: net::ERR_CONNECTION_REFUSED @ http://localhost:3001/_next/static/chunks/06j-_next_dist_client_0.0w1yb._.js:13299
[   37454ms] [ERROR] Failed to load resource: net::ERR_CONNECTION_REFUSED @ http://localhost:3001/api/text-overrides?pathname=%2F:0
[   37970ms] [ERROR] WebSocket connection to 'ws://localhost:3001/_next/webpack-hmr?id=IsPEpSBwFnjSqQzM6fvU7' failed: Error in connection establishment: net::ERR_CONNECTION_REFUSED @ http://localhost:3001/_next/static/chunks/06j-_next_dist_client_0.0w1yb._.js:13299
[   42972ms] [ERROR] WebSocket connection to 'ws://localhost:3001/_next/webpack-hmr?id=IsPEpSBwFnjSqQzM6fvU7' failed: Error in connection establishment: net::ERR_CONNECTION_REFUSED @ http://localhost:3001/_next/static/chunks/06j-_next_dist_client_0.0w1yb._.js:13299
[   47974ms] [ERROR] WebSocket connection to 'ws://localhost:3001/_next/webpack-hmr?id=IsPEpSBwFnjSqQzM6fvU7' failed: Error in connection establishment: net::ERR_CONNECTION_REFUSED @ http://localhost:3001/_next/static/chunks/06j-_next_dist_client_0.0w1yb._.js:13299
[   52454ms] [ERROR] Failed to load resource: net::ERR_CONNECTION_REFUSED @ http://localhost:3001/api/text-overrides?pathname=%2F:0
[   52978ms] [ERROR] WebSocket connection to 'ws://localhost:3001/_next/webpack-hmr?id=IsPEpSBwFnjSqQzM6fvU7' failed: Error in connection establishment: net::ERR_CONNECTION_REFUSED @ http://localhost:3001/_next/static/chunks/06j-_next_dist_client_0.0w1yb._.js:13299
[   57980ms] [ERROR] WebSocket connection to 'ws://localhost:3001/_next/webpack-hmr?id=IsPEpSBwFnjSqQzM6fvU7' failed: Error in connection establishment: net::ERR_CONNECTION_REFUSED @ http://localhost:3001/_next/static/chunks/06j-_next_dist_client_0.0w1yb._.js:13299
[   62986ms] [ERROR] WebSocket connection to 'ws://localhost:3001/_next/webpack-hmr?id=IsPEpSBwFnjSqQzM6fvU7' failed: Error in connection establishment: net::ERR_CONNECTION_REFUSED @ http://localhost:3001/_next/static/chunks/06j-_next_dist_client_0.0w1yb._.js:13299
[   67454ms] [ERROR] Failed to load resource: net::ERR_CONNECTION_REFUSED @ http://localhost:3001/api/text-overrides?pathname=%2F:0
[   67993ms] [ERROR] WebSocket connection to 'ws://localhost:3001/_next/webpack-hmr?id=IsPEpSBwFnjSqQzM6fvU7' failed: Error in connection establishment: net::ERR_CONNECTION_REFUSED @ http://localhost:3001/_next/static/chunks/06j-_next_dist_client_0.0w1yb._.js:13299
