[    2297ms] [INFO] %cDownload the React DevTools for a better development experience: https://react.dev/link/react-devtools font-weight:bold @ http://localhost:3000/_next/static/chunks/06j-_next_dist_0_ujkl8._.js:2431
[    2341ms] [LOG] [HMR] connected @ http://localhost:3000/_next/static/chunks/06j-_next_dist_0_ujkl8._.js:2431
[    2460ms] [ERROR] %o

%s Error: PrismaClient is unable to run in this browser environment, or has been bundled for the browser (running in `unknown`).
If this is unexpected, please open an issue: https://pris.ly/prisma-prisma-bug-report
    at Object.get (http://localhost:3000/_next/static/chunks/06j-_0hg36ez._.js:4161:23)
    at installPrismaSyncMiddleware (http://localhost:3000/_next/static/chunks/EduMatch_EduMatch_edumatch-mingaku_src_0fhxsib._.js:3143:12)
    at module evaluation (http://localhost:3000/_next/static/chunks/EduMatch_EduMatch_edumatch-mingaku_src_0fhxsib._.js:3281:229)
    at http://localhost:3000/_next/static/chunks/turbopack-EduMatch_EduMatch_edumatch-mingaku_0hlqc9z._.js:1307:27
    at runModuleExecutionHooks (http://localhost:3000/_next/static/chunks/turbopack-EduMatch_EduMatch_edumatch-mingaku_0hlqc9z._.js:1636:13)
    at instantiateModuleShared (http://localhost:3000/_next/static/chunks/turbopack-EduMatch_EduMatch_edumatch-mingaku_0hlqc9z._.js:1305:9)
    at instantiateModule (http://localhost:3000/_next/static/chunks/turbopack-EduMatch_EduMatch_edumatch-mingaku_0hlqc9z._.js:1621:12)
    at getOrInstantiateModuleFromParent (http://localhost:3000/_next/static/chunks/turbopack-EduMatch_EduMatch_edumatch-mingaku_0hlqc9z._.js:1604:12)
    at DevContext.esmImport [as i] (http://localhost:3000/_next/static/chunks/turbopack-EduMatch_EduMatch_edumatch-mingaku_0hlqc9z._.js:278:20)
    at module evaluation (http://localhost:3000/_next/static/chunks/EduMatch_EduMatch_edumatch-mingaku_src_0fhxsib._.js:3354:196)
    at http://localhost:3000/_next/static/chunks/turbopack-EduMatch_EduMatch_edumatch-mingaku_0hlqc9z._.js:1307:27
    at runModuleExecutionHooks (http://localhost:3000/_next/static/chunks/turbopack-EduMatch_EduMatch_edumatch-mingaku_0hlqc9z._.js:1636:13)
    at instantiateModuleShared (http://localhost:3000/_next/static/chunks/turbopack-EduMatch_EduMatch_edumatch-mingaku_0hlqc9z._.js:1305:9)
    at instantiateModule (http://localhost:3000/_next/static/chunks/turbopack-EduMatch_EduMatch_edumatch-mingaku_0hlqc9z._.js:1621:12)
    at getOrInstantiateModuleFromParent (http://localhost:3000/_next/static/chunks/turbopack-EduMatch_EduMatch_edumatch-mingaku_0hlqc9z._.js:1604:12)
    at DevContext.esmImport [as i] (http://localhost:3000/_next/static/chunks/turbopack-EduMatch_EduMatch_edumatch-mingaku_0hlqc9z._.js:278:20)
    at module evaluation (http://localhost:3000/_next/static/chunks/EduMatch_EduMatch_edumatch-mingaku_src_0fhxsib._.js:3519:216)
    at http://localhost:3000/_next/static/chunks/turbopack-EduMatch_EduMatch_edumatch-mingaku_0hlqc9z._.js:1307:27
    at runModuleExecutionHooks (http://localhost:3000/_next/static/chunks/turbopack-EduMatch_EduMatch_edumatch-mingaku_0hlqc9z._.js:1636:13)
    at instantiateModuleShared (http://localhost:3000/_next/static/chunks/turbopack-EduMatch_EduMatch_edumatch-mingaku_0hlqc9z._.js:1305:9)
    at instantiateModule (http://localhost:3000/_next/static/chunks/turbopack-EduMatch_EduMatch_edumatch-mingaku_0hlqc9z._.js:1621:12)
    at getOrInstantiateModuleFromParent (http://localhost:3000/_next/static/chunks/turbopack-EduMatch_EduMatch_edumatch-mingaku_0hlqc9z._.js:1604:12)
    at DevContext.esmImport [as i] (http://localhost:3000/_next/static/chunks/turbopack-EduMatch_EduMatch_edumatch-mingaku_0hlqc9z._.js:278:20)
    at module evaluation (http://localhost:3000/_next/static/chunks/EduMatch_EduMatch_edumatch-mingaku_src_0fhxsib._.js:6391:47)
    at http://localhost:3000/_next/static/chunks/turbopack-EduMatch_EduMatch_edumatch-mingaku_0hlqc9z._.js:1307:27
    at runModuleExecutionHooks (http://localhost:3000/_next/static/chunks/turbopack-EduMatch_EduMatch_edumatch-mingaku_0hlqc9z._.js:1636:13)
    at instantiateModuleShared (http://localhost:3000/_next/static/chunks/turbopack-EduMatch_EduMatch_edumatch-mingaku_0hlqc9z._.js:1305:9)
    at instantiateModule (http://localhost:3000/_next/static/chunks/turbopack-EduMatch_EduMatch_edumatch-mingaku_0hlqc9z._.js:1621:12)
    at getOrInstantiateModuleFromParent (http://localhost:3000/_next/static/chunks/turbopack-EduMatch_EduMatch_edumatch-mingaku_0hlqc9z._.js:1604:12)
    at DevContext.esmImport [as i] (http://localhost:3000/_next/static/chunks/turbopack-EduMatch_EduMatch_edumatch-mingaku_0hlqc9z._.js:278:20)
    at http://localhost:3000/_next/static/chunks/09~1_edumatch-mingaku_src_components_community_forum-room-client_tsx_05u55d3._.js:10:16 The above error occurred in the <Lazy> component. It was handled by the <ErrorBoundaryHandler> error boundary. @ http://localhost:3000/_next/static/chunks/06j-_next_dist_client_0.0w1yb._.js:1998
[    2463ms] [ERROR] Error: PrismaClient is unable to run in this browser environment, or has been bundled for the browser (running in `unknown`).
If this is unexpected, please open an issue: https://pris.ly/prisma-prisma-bug-report
    at Object.get (http://localhost:3000/_next/static/chunks/06j-_0hg36ez._.js:4161:23)
    at installPrismaSyncMiddleware (http://localhost:3000/_next/static/chunks/EduMatch_EduMatch_edumatch-mingaku_src_0fhxsib._.js:3143:12)
    at module evaluation (http://localhost:3000/_next/static/chunks/EduMatch_EduMatch_edumatch-mingaku_src_0fhxsib._.js:3281:229)
    at http://localhost:3000/_next/static/chunks/turbopack-EduMatch_EduMatch_edumatch-mingaku_0hlqc9z._.js:1307:27
    at runModuleExecutionHooks (http://localhost:3000/_next/static/chunks/turbopack-EduMatch_EduMatch_edumatch-mingaku_0hlqc9z._.js:1636:13)
    at instantiateModuleShared (http://localhost:3000/_next/static/chunks/turbopack-EduMatch_EduMatch_edumatch-mingaku_0hlqc9z._.js:1305:9)
    at instantiateModule (http://localhost:3000/_next/static/chunks/turbopack-EduMatch_EduMatch_edumatch-mingaku_0hlqc9z._.js:1621:12)
    at getOrInstantiateModuleFromParent (http://localhost:3000/_next/static/chunks/turbopack-EduMatch_EduMatch_edumatch-mingaku_0hlqc9z._.js:1604:12)
    at DevContext.esmImport [as i] (http://localhost:3000/_next/static/chunks/turbopack-EduMatch_EduMatch_edumatch-mingaku_0hlqc9z._.js:278:20)
    at module evaluation (http://localhost:3000/_next/static/chunks/EduMatch_EduMatch_edumatch-mingaku_src_0fhxsib._.js:3354:196)
    at http://localhost:3000/_next/static/chunks/turbopack-EduMatch_EduMatch_edumatch-mingaku_0hlqc9z._.js:1307:27
    at runModuleExecutionHooks (http://localhost:3000/_next/static/chunks/turbopack-EduMatch_EduMatch_edumatch-mingaku_0hlqc9z._.js:1636:13)
    at instantiateModuleShared (http://localhost:3000/_next/static/chunks/turbopack-EduMatch_EduMatch_edumatch-mingaku_0hlqc9z._.js:1305:9)
    at instantiateModule (http://localhost:3000/_next/static/chunks/turbopack-EduMatch_EduMatch_edumatch-mingaku_0hlqc9z._.js:1621:12)
    at getOrInstantiateModuleFromParent (http://localhost:3000/_next/static/chunks/turbopack-EduMatch_EduMatch_edumatch-mingaku_0hlqc9z._.js:1604:12)
    at DevContext.esmImport [as i] (http://localhost:3000/_next/static/chunks/turbopack-EduMatch_EduMatch_edumatch-mingaku_0hlqc9z._.js:278:20)
    at module evaluation (http://localhost:3000/_next/static/chunks/EduMatch_EduMatch_edumatch-mingaku_src_0fhxsib._.js:3519:216)
    at http://localhost:3000/_next/static/chunks/turbopack-EduMatch_EduMatch_edumatch-mingaku_0hlqc9z._.js:1307:27
    at runModuleExecutionHooks (http://localhost:3000/_next/static/chunks/turbopack-EduMatch_EduMatch_edumatch-mingaku_0hlqc9z._.js:1636:13)
    at instantiateModuleShared (http://localhost:3000/_next/static/chunks/turbopack-EduMatch_EduMatch_edumatch-mingaku_0hlqc9z._.js:1305:9)
    at instantiateModule (http://localhost:3000/_next/static/chunks/turbopack-EduMatch_EduMatch_edumatch-mingaku_0hlqc9z._.js:1621:12)
    at getOrInstantiateModuleFromParent (http://localhost:3000/_next/static/chunks/turbopack-EduMatch_EduMatch_edumatch-mingaku_0hlqc9z._.js:1604:12)
    at DevContext.esmImport [as i] (http://localhost:3000/_next/static/chunks/turbopack-EduMatch_EduMatch_edumatch-mingaku_0hlqc9z._.js:278:20)
    at module evaluation (http://localhost:3000/_next/static/chunks/EduMatch_EduMatch_edumatch-mingaku_src_0fhxsib._.js:6391:47)
    at http://localhost:3000/_next/static/chunks/turbopack-EduMatch_EduMatch_edumatch-mingaku_0hlqc9z._.js:1307:27
    at runModuleExecutionHooks (http://localhost:3000/_next/static/chunks/turbopack-EduMatch_EduMatch_edumatch-mingaku_0hlqc9z._.js:1636:13)
    at instantiateModuleShared (http://localhost:3000/_next/static/chunks/turbopack-EduMatch_EduMatch_edumatch-mingaku_0hlqc9z._.js:1305:9)
    at instantiateModule (http://localhost:3000/_next/static/chunks/turbopack-EduMatch_EduMatch_edumatch-mingaku_0hlqc9z._.js:1621:12)
    at getOrInstantiateModuleFromParent (http://localhost:3000/_next/static/chunks/turbopack-EduMatch_EduMatch_edumatch-mingaku_0hlqc9z._.js:1604:12)
    at DevContext.esmImport [as i] (http://localhost:3000/_next/static/chunks/turbopack-EduMatch_EduMatch_edumatch-mingaku_0hlqc9z._.js:278:20)
    at http://localhost:3000/_next/static/chunks/09~1_edumatch-mingaku_src_components_community_forum-room-client_tsx_05u55d3._.js:10:16 @ http://localhost:3000/_next/static/chunks/06j-_next_dist_0_ujkl8._.js:3272
[    2464ms] [ERROR] Error: PrismaClient is unable to run in this browser environment, or has been bundled for the browser (running in `unknown`).
If this is unexpected, please open an issue: https://pris.ly/prisma-prisma-bug-report
    at Object.get (http://localhost:3000/_next/static/chunks/06j-_0hg36ez._.js:4161:23)
    at installPrismaSyncMiddleware (http://localhost:3000/_next/static/chunks/EduMatch_EduMatch_edumatch-mingaku_src_0fhxsib._.js:3143:12)
    at module evaluation (http://localhost:3000/_next/static/chunks/EduMatch_EduMatch_edumatch-mingaku_src_0fhxsib._.js:3281:229)
    at http://localhost:3000/_next/static/chunks/turbopack-EduMatch_EduMatch_edumatch-mingaku_0hlqc9z._.js:1307:27
    at runModuleExecutionHooks (http://localhost:3000/_next/static/chunks/turbopack-EduMatch_EduMatch_edumatch-mingaku_0hlqc9z._.js:1636:13)
    at instantiateModuleShared (http://localhost:3000/_next/static/chunks/turbopack-EduMatch_EduMatch_edumatch-mingaku_0hlqc9z._.js:1305:9)
    at instantiateModule (http://localhost:3000/_next/static/chunks/turbopack-EduMatch_EduMatch_edumatch-mingaku_0hlqc9z._.js:1621:12)
    at getOrInstantiateModuleFromParent (http://localhost:3000/_next/static/chunks/turbopack-EduMatch_EduMatch_edumatch-mingaku_0hlqc9z._.js:1604:12)
    at DevContext.esmImport [as i] (http://localhost:3000/_next/static/chunks/turbopack-EduMatch_EduMatch_edumatch-mingaku_0hlqc9z._.js:278:20)
    at module evaluation (http://localhost:3000/_next/static/chunks/EduMatch_EduMatch_edumatch-mingaku_src_0fhxsib._.js:3354:196)
    at http://localhost:3000/_next/static/chunks/turbopack-EduMatch_EduMatch_edumatch-mingaku_0hlqc9z._.js:1307:27
    at runModuleExecutionHooks (http://localhost:3000/_next/static/chunks/turbopack-EduMatch_EduMatch_edumatch-mingaku_0hlqc9z._.js:1636:13)
    at instantiateModuleShared (http://localhost:3000/_next/static/chunks/turbopack-EduMatch_EduMatch_edumatch-mingaku_0hlqc9z._.js:1305:9)
    at instantiateModule (http://localhost:3000/_next/static/chunks/turbopack-EduMatch_EduMatch_edumatch-mingaku_0hlqc9z._.js:1621:12)
    at getOrInstantiateModuleFromParent (http://localhost:3000/_next/static/chunks/turbopack-EduMatch_EduMatch_edumatch-mingaku_0hlqc9z._.js:1604:12)
    at DevContext.esmImport [as i] (http://localhost:3000/_next/static/chunks/turbopack-EduMatch_EduMatch_edumatch-mingaku_0hlqc9z._.js:278:20)
    at module evaluation (http://localhost:3000/_next/static/chunks/EduMatch_EduMatch_edumatch-mingaku_src_0fhxsib._.js:3519:216)
    at http://localhost:3000/_next/static/chunks/turbopack-EduMatch_EduMatch_edumatch-mingaku_0hlqc9z._.js:1307:27
    at runModuleExecutionHooks (http://localhost:3000/_next/static/chunks/turbopack-EduMatch_EduMatch_edumatch-mingaku_0hlqc9z._.js:1636:13)
    at instantiateModuleShared (http://localhost:3000/_next/static/chunks/turbopack-EduMatch_EduMatch_edumatch-mingaku_0hlqc9z._.js:1305:9)
    at instantiateModule (http://localhost:3000/_next/static/chunks/turbopack-EduMatch_EduMatch_edumatch-mingaku_0hlqc9z._.js:1621:12)
    at getOrInstantiateModuleFromParent (http://localhost:3000/_next/static/chunks/turbopack-EduMatch_EduMatch_edumatch-mingaku_0hlqc9z._.js:1604:12)
    at DevContext.esmImport [as i] (http://localhost:3000/_next/static/chunks/turbopack-EduMatch_EduMatch_edumatch-mingaku_0hlqc9z._.js:278:20)
    at module evaluation (http://localhost:3000/_next/static/chunks/EduMatch_EduMatch_edumatch-mingaku_src_0fhxsib._.js:6391:47)
    at http://localhost:3000/_next/static/chunks/turbopack-EduMatch_EduMatch_edumatch-mingaku_0hlqc9z._.js:1307:27
    at runModuleExecutionHooks (http://localhost:3000/_next/static/chunks/turbopack-EduMatch_EduMatch_edumatch-mingaku_0hlqc9z._.js:1636:13)
    at instantiateModuleShared (http://localhost:3000/_next/static/chunks/turbopack-EduMatch_EduMatch_edumatch-mingaku_0hlqc9z._.js:1305:9)
    at instantiateModule (http://localhost:3000/_next/static/chunks/turbopack-EduMatch_EduMatch_edumatch-mingaku_0hlqc9z._.js:1621:12)
    at getOrInstantiateModuleFromParent (http://localhost:3000/_next/static/chunks/turbopack-EduMatch_EduMatch_edumatch-mingaku_0hlqc9z._.js:1604:12)
    at DevContext.esmImport [as i] (http://localhost:3000/_next/static/chunks/turbopack-EduMatch_EduMatch_edumatch-mingaku_0hlqc9z._.js:278:20)
    at http://localhost:3000/_next/static/chunks/09~1_edumatch-mingaku_src_components_community_forum-room-client_tsx_05u55d3._.js:10:16 @ http://localhost:3000/_next/static/chunks/06j-_next_dist_0_ujkl8._.js:3272
[    4415ms] [LOG] [Fast Refresh] rebuilding @ http://localhost:3000/_next/static/chunks/06j-_next_dist_0_ujkl8._.js:2431
[    4564ms] [LOG] [Fast Refresh] done in 249ms @ http://localhost:3000/_next/static/chunks/06j-_next_dist_0_ujkl8._.js:2431
[   10011ms] [LOG] [Fast Refresh] rebuilding @ http://localhost:3000/_next/static/chunks/06j-_next_dist_0_ujkl8._.js:2431
[   10029ms] [LOG] [Fast Refresh] done in 119ms @ http://localhost:3000/_next/static/chunks/06j-_next_dist_0_ujkl8._.js:2431
[   11871ms] [LOG] [Fast Refresh] rebuilding @ http://localhost:3000/_next/static/chunks/06j-_next_dist_0_ujkl8._.js:2431
[   12026ms] [LOG] [Fast Refresh] done in 181ms @ http://localhost:3000/_next/static/chunks/06j-_next_dist_0_ujkl8._.js:2431
[   12426ms] [LOG] [Fast Refresh] rebuilding @ http://localhost:3000/_next/static/chunks/06j-_next_dist_0_ujkl8._.js:2431
[   12455ms] [LOG] [Fast Refresh] done in 128ms @ http://localhost:3000/_next/static/chunks/06j-_next_dist_0_ujkl8._.js:2431
[   13333ms] [LOG] [Fast Refresh] rebuilding @ http://localhost:3000/_next/static/chunks/06j-_next_dist_0_ujkl8._.js:2431
[   13476ms] [LOG] [Fast Refresh] done in 24ms @ http://localhost:3000/_next/static/chunks/06j-_next_dist_0_ujkl8._.js:2431
