[    3891ms] [INFO] %cDownload the React DevTools for a better development experience: https://react.dev/link/react-devtools font-weight:bold @ http://localhost:3001/_next/static/chunks/06j-_next_dist_0_ujkl8._.js:2431
[    4032ms] [LOG] [HMR] connected @ http://localhost:3001/_next/static/chunks/06j-_next_dist_0_ujkl8._.js:2431
[    4187ms] [LOG] [Fast Refresh] rebuilding @ http://localhost:3001/_next/static/chunks/06j-_next_dist_0_ujkl8._.js:2431
[    4709ms] [LOG] [Fast Refresh] done in 630ms @ http://localhost:3001/_next/static/chunks/06j-_next_dist_0_ujkl8._.js:2431
[    8504ms] [LOG] [Fast Refresh] rebuilding @ http://localhost:3001/_next/static/chunks/06j-_next_dist_0_ujkl8._.js:2431
[    8535ms] [LOG] [Fast Refresh] done in 133ms @ http://localhost:3001/_next/static/chunks/06j-_next_dist_0_ujkl8._.js:2431
[   13209ms] [ERROR] WebSocket connection to 'ws://localhost:3001/_next/webpack-hmr?id=cOExE5yyfroLM-43jFyVq' failed:  @ http://localhost:3001/_next/static/chunks/06j-_next_dist_client_0.0w1yb._.js:13299
[   13210ms] [ERROR] WebSocket connection to 'wss://lyoesgwecpcoaylsyiys.supabase.co/realtime/v1/websocket?apikey=eyJhbGciOiJIUzI1NiIsInR5cCI6IkpXVCJ9.eyJpc3MiOiJzdXBhYmFzZSIsInJlZiI6Imx5b2VzZ3dlY3Bjb2F5bHN5aXlzIiwicm9sZSI6ImFub24iLCJpYXQiOjE3Njg3OTM1NTAsImV4cCI6MjA4NDM2OTU1MH0.aLr2t6wxmNrqGQ2tD_gb3a-L7vDtDmvKQuy7mSBDaP8&vsn=1.0.0' failed:  @ http://localhost:3001/_next/static/chunks/06j-_13e63i1._.js:3527
[   14216ms] [ERROR] WebSocket connection to 'ws://localhost:3001/_next/webpack-hmr?id=cOExE5yyfroLM-43jFyVq' failed: Error in connection establishment: net::ERR_CONNECTION_REFUSED @ http://localhost:3001/_next/static/chunks/06j-_next_dist_client_0.0w1yb._.js:13299
[   15218ms] [ERROR] WebSocket connection to 'ws://localhost:3001/_next/webpack-hmr?id=cOExE5yyfroLM-43jFyVq' failed: Error in connection establishment: net::ERR_CONNECTION_REFUSED @ http://localhost:3001/_next/static/chunks/06j-_next_dist_client_0.0w1yb._.js:13299
[   16221ms] [ERROR] WebSocket connection to 'ws://localhost:3001/_next/webpack-hmr?id=cOExE5yyfroLM-43jFyVq' failed: Error in connection establishment: net::ERR_CONNECTION_REFUSED @ http://localhost:3001/_next/static/chunks/06j-_next_dist_client_0.0w1yb._.js:13299
[   17223ms] [ERROR] WebSocket connection to 'ws://localhost:3001/_next/webpack-hmr?id=cOExE5yyfroLM-43jFyVq' failed: Error in connection establishment: net::ERR_CONNECTION_REFUSED @ http://localhost:3001/_next/static/chunks/06j-_next_dist_client_0.0w1yb._.js:13299
[   18225ms] [ERROR] WebSocket connection to 'ws://localhost:3001/_next/webpack-hmr?id=cOExE5yyfroLM-43jFyVq' failed: Error in connection establishment: net::ERR_CONNECTION_REFUSED @ http://localhost:3001/_next/static/chunks/06j-_next_dist_client_0.0w1yb._.js:13299
[   19251ms] [ERROR] Failed to load resource: net::ERR_CONNECTION_REFUSED @ http://localhost:3001/api/text-overrides?pathname=%2F:0
[   23228ms] [ERROR] WebSocket connection to 'ws://localhost:3001/_next/webpack-hmr?id=cOExE5yyfroLM-43jFyVq' failed: Error in connection establishment: net::ERR_CONNECTION_REFUSED @ http://localhost:3001/_next/static/chunks/06j-_next_dist_client_0.0w1yb._.js:13299
[   28230ms] [ERROR] WebSocket connection to 'ws://localhost:3001/_next/webpack-hmr?id=cOExE5yyfroLM-43jFyVq' failed: Error in connection establishment: net::ERR_CONNECTION_REFUSED @ http://localhost:3001/_next/static/chunks/06j-_next_dist_client_0.0w1yb._.js:13299
[   33232ms] [ERROR] WebSocket connection to 'ws://localhost:3001/_next/webpack-hmr?id=cOExE5yyfroLM-43jFyVq' failed: Error in connection establishment: net::ERR_CONNECTION_REFUSED @ http://localhost:3001/_next/static/chunks/06j-_next_dist_client_0.0w1yb._.js:13299
[   34250ms] [ERROR] Failed to load resource: net::ERR_CONNECTION_REFUSED @ http://localhost:3001/api/text-overrides?pathname=%2F:0
[   38237ms] [ERROR] WebSocket connection to 'ws://localhost:3001/_next/webpack-hmr?id=cOExE5yyfroLM-43jFyVq' failed: Error in connection establishment: net::ERR_CONNECTION_REFUSED @ http://localhost:3001/_next/static/chunks/06j-_next_dist_client_0.0w1yb._.js:13299
[   43243ms] [ERROR] WebSocket connection to 'ws://localhost:3001/_next/webpack-hmr?id=cOExE5yyfroLM-43jFyVq' failed: Error in connection establishment: net::ERR_CONNECTION_REFUSED @ http://localhost:3001/_next/static/chunks/06j-_next_dist_client_0.0w1yb._.js:13299
[   48247ms] [ERROR] WebSocket connection to 'ws://localhost:3001/_next/webpack-hmr?id=cOExE5yyfroLM-43jFyVq' failed: Error in connection establishment: net::ERR_CONNECTION_REFUSED @ http://localhost:3001/_next/static/chunks/06j-_next_dist_client_0.0w1yb._.js:13299
[   49246ms] [ERROR] Failed to load resource: net::ERR_CONNECTION_REFUSED @ http://localhost:3001/api/text-overrides?pathname=%2F:0
[   53252ms] [ERROR] WebSocket connection to 'ws://localhost:3001/_next/webpack-hmr?id=cOExE5yyfroLM-43jFyVq' failed: Error in connection establishment: net::ERR_CONNECTION_REFUSED @ http://localhost:3001/_next/static/chunks/06j-_next_dist_client_0.0w1yb._.js:13299
