[    4595ms] [INFO] %cDownload the React DevTools for a better development experience: https://react.dev/link/react-devtools font-weight:bold @ http://localhost:3001/_next/static/chunks/06j-_next_dist_0_ujkl8._.js:2431
[    4641ms] [LOG] [HMR] connected @ http://localhost:3001/_next/static/chunks/06j-_next_dist_0_ujkl8._.js:2431
[    4902ms] [LOG] [Fast Refresh] rebuilding @ http://localhost:3001/_next/static/chunks/06j-_next_dist_0_ujkl8._.js:2431
[    4928ms] [LOG] [Fast Refresh] done in 127ms @ http://localhost:3001/_next/static/chunks/06j-_next_dist_0_ujkl8._.js:2431
[   10802ms] [ERROR] WebSocket connection to 'wss://lyoesgwecpcoaylsyiys.supabase.co/realtime/v1/websocket?apikey=eyJhbGciOiJIUzI1NiIsInR5cCI6IkpXVCJ9.eyJpc3MiOiJzdXBhYmFzZSIsInJlZiI6Imx5b2VzZ3dlY3Bjb2F5bHN5aXlzIiwicm9sZSI6ImFub24iLCJpYXQiOjE3Njg3OTM1NTAsImV4cCI6MjA4NDM2OTU1MH0.aLr2t6wxmNrqGQ2tD_gb3a-L7vDtDmvKQuy7mSBDaP8&vsn=1.0.0' failed:  @ http://localhost:3001/_next/static/chunks/06j-_13e63i1._.js:3527
[   10803ms] [ERROR] WebSocket connection to 'ws://localhost:3001/_next/webpack-hmr?id=1_PId4MvytGAN7tIOOKIp' failed:  @ http://localhost:3001/_next/static/chunks/06j-_next_dist_client_0.0w1yb._.js:13299
[   11807ms] [ERROR] WebSocket connection to 'ws://localhost:3001/_next/webpack-hmr?id=1_PId4MvytGAN7tIOOKIp' failed: Error in connection establishment: net::ERR_CONNECTION_REFUSED @ http://localhost:3001/_next/static/chunks/06j-_next_dist_client_0.0w1yb._.js:13299
[   12809ms] [ERROR] WebSocket connection to 'ws://localhost:3001/_next/webpack-hmr?id=1_PId4MvytGAN7tIOOKIp' failed: Error in connection establishment: net::ERR_CONNECTION_REFUSED @ http://localhost:3001/_next/static/chunks/06j-_next_dist_client_0.0w1yb._.js:13299
[   13811ms] [ERROR] WebSocket connection to 'ws://localhost:3001/_next/webpack-hmr?id=1_PId4MvytGAN7tIOOKIp' failed: Error in connection establishment: net::ERR_CONNECTION_REFUSED @ http://localhost:3001/_next/static/chunks/06j-_next_dist_client_0.0w1yb._.js:13299
[   14812ms] [ERROR] WebSocket connection to 'ws://localhost:3001/_next/webpack-hmr?id=1_PId4MvytGAN7tIOOKIp' failed: Error in connection establishment: net::ERR_CONNECTION_REFUSED @ http://localhost:3001/_next/static/chunks/06j-_next_dist_client_0.0w1yb._.js:13299
[   15815ms] [ERROR] WebSocket connection to 'ws://localhost:3001/_next/webpack-hmr?id=1_PId4MvytGAN7tIOOKIp' failed: Error in connection establishment: net::ERR_CONNECTION_REFUSED @ http://localhost:3001/_next/static/chunks/06j-_next_dist_client_0.0w1yb._.js:13299
[   19764ms] [ERROR] Failed to load resource: net::ERR_CONNECTION_REFUSED @ http://localhost:3001/api/text-overrides?pathname=%2F:0
[   20817ms] [ERROR] WebSocket connection to 'ws://localhost:3001/_next/webpack-hmr?id=1_PId4MvytGAN7tIOOKIp' failed: Error in connection establishment: net::ERR_CONNECTION_REFUSED @ http://localhost:3001/_next/static/chunks/06j-_next_dist_client_0.0w1yb._.js:13299
[   25820ms] [ERROR] WebSocket connection to 'ws://localhost:3001/_next/webpack-hmr?id=1_PId4MvytGAN7tIOOKIp' failed: Error in connection establishment: net::ERR_CONNECTION_REFUSED @ http://localhost:3001/_next/static/chunks/06j-_next_dist_client_0.0w1yb._.js:13299
[   30822ms] [ERROR] WebSocket connection to 'ws://localhost:3001/_next/webpack-hmr?id=1_PId4MvytGAN7tIOOKIp' failed: Error in connection establishment: net::ERR_CONNECTION_REFUSED @ http://localhost:3001/_next/static/chunks/06j-_next_dist_client_0.0w1yb._.js:13299
[   34764ms] [ERROR] Failed to load resource: net::ERR_CONNECTION_REFUSED @ http://localhost:3001/api/text-overrides?pathname=%2F:0
[   35825ms] [ERROR] WebSocket connection to 'ws://localhost:3001/_next/webpack-hmr?id=1_PId4MvytGAN7tIOOKIp' failed: Error in connection establishment: net::ERR_CONNECTION_REFUSED @ http://localhost:3001/_next/static/chunks/06j-_next_dist_client_0.0w1yb._.js:13299
[   40829ms] [ERROR] WebSocket connection to 'ws://localhost:3001/_next/webpack-hmr?id=1_PId4MvytGAN7tIOOKIp' failed: Error in connection establishment: net::ERR_CONNECTION_REFUSED @ http://localhost:3001/_next/static/chunks/06j-_next_dist_client_0.0w1yb._.js:13299
[   45835ms] [ERROR] WebSocket connection to 'ws://localhost:3001/_next/webpack-hmr?id=1_PId4MvytGAN7tIOOKIp' failed: Error in connection establishment: net::ERR_CONNECTION_REFUSED @ http://localhost:3001/_next/static/chunks/06j-_next_dist_client_0.0w1yb._.js:13299
[   49767ms] [ERROR] Failed to load resource: net::ERR_CONNECTION_REFUSED @ http://localhost:3001/api/text-overrides?pathname=%2F:0
[   50842ms] [ERROR] WebSocket connection to 'ws://localhost:3001/_next/webpack-hmr?id=1_PId4MvytGAN7tIOOKIp' failed: Error in connection establishment: net::ERR_CONNECTION_REFUSED @ http://localhost:3001/_next/static/chunks/06j-_next_dist_client_0.0w1yb._.js:13299
