[   14148ms] [INFO] %cDownload the React DevTools for a better development experience: https://react.dev/link/react-devtools font-weight:bold @ http://localhost:3000/_next/static/chunks/06j-_next_dist_0_ujkl8._.js:2431
[   14167ms] [LOG] [HMR] connected @ http://localhost:3000/_next/static/chunks/06j-_next_dist_0_ujkl8._.js:2431
[   15259ms] [LOG] [Fast Refresh] rebuilding @ http://localhost:3000/_next/static/chunks/06j-_next_dist_0_ujkl8._.js:2431
[   15303ms] [LOG] [Fast Refresh] done in 145ms @ http://localhost:3000/_next/static/chunks/06j-_next_dist_0_ujkl8._.js:2431
[   21603ms] [LOG] [Fast Refresh] rebuilding @ http://localhost:3000/_next/static/chunks/06j-_next_dist_0_ujkl8._.js:2431
[   21777ms] [LOG] [Fast Refresh] done in 19ms @ http://localhost:3000/_next/static/chunks/06j-_next_dist_0_ujkl8._.js:2431
[  328360ms] [LOG] [Fast Refresh] rebuilding @ http://localhost:3000/_next/static/chunks/06j-_next_dist_0_ujkl8._.js:2431
[  328360ms] [LOG] [Fast Refresh] done in 102ms @ http://localhost:3000/_next/static/chunks/06j-_next_dist_0_ujkl8._.js:2431
[  352957ms] [LOG] [Fast Refresh] rebuilding @ http://localhost:3000/_next/static/chunks/06j-_next_dist_0_ujkl8._.js:2431
[  353012ms] [LOG] [Fast Refresh] done in 15ms @ http://localhost:3000/_next/static/chunks/06j-_next_dist_0_ujkl8._.js:2431
[  353450ms] [LOG] [Fast Refresh] rebuilding @ http://localhost:3000/_next/static/chunks/06j-_next_dist_0_ujkl8._.js:2431
[  353573ms] [LOG] [Fast Refresh] done in 224ms @ http://localhost:3000/_next/static/chunks/06j-_next_dist_0_ujkl8._.js:2431
[  353747ms] [LOG] [Fast Refresh] rebuilding @ http://localhost:3000/_next/static/chunks/06j-_next_dist_0_ujkl8._.js:2431
[  353810ms] [LOG] [Fast Refresh] done in 11ms @ http://localhost:3000/_next/static/chunks/06j-_next_dist_0_ujkl8._.js:2431
[  354864ms] [LOG] [Fast Refresh] rebuilding @ http://localhost:3000/_next/static/chunks/06j-_next_dist_0_ujkl8._.js:2431
[  355009ms] [LOG] [Fast Refresh] done in 9ms @ http://localhost:3000/_next/static/chunks/06j-_next_dist_0_ujkl8._.js:2431
[  355710ms] [LOG] [Fast Refresh] rebuilding @ http://localhost:3000/_next/static/chunks/06j-_next_dist_0_ujkl8._.js:2431
[  355772ms] [LOG] [Fast Refresh] done in 11ms @ http://localhost:3000/_next/static/chunks/06j-_next_dist_0_ujkl8._.js:2431
[  357745ms] [LOG] [Fast Refresh] rebuilding @ http://localhost:3000/_next/static/chunks/06j-_next_dist_0_ujkl8._.js:2431
[  357779ms] [LOG] [Fast Refresh] done in 41ms @ http://localhost:3000/_next/static/chunks/06j-_next_dist_0_ujkl8._.js:2431
[  371760ms] [LOG] [Fast Refresh] rebuilding @ http://localhost:3000/_next/static/chunks/06j-_next_dist_0_ujkl8._.js:2431
[  371783ms] [LOG] [Fast Refresh] done in 56ms @ http://localhost:3000/_next/static/chunks/06j-_next_dist_0_ujkl8._.js:2431
[  375849ms] [LOG] [Fast Refresh] rebuilding @ http://localhost:3000/_next/static/chunks/06j-_next_dist_0_ujkl8._.js:2431
[  375873ms] [LOG] [Fast Refresh] done in 74ms @ http://localhost:3000/_next/static/chunks/06j-_next_dist_0_ujkl8._.js:2431
[  377460ms] [LOG] [Fast Refresh] rebuilding @ http://localhost:3000/_next/static/chunks/06j-_next_dist_0_ujkl8._.js:2431
[  377483ms] [LOG] [Fast Refresh] done in 53ms @ http://localhost:3000/_next/static/chunks/06j-_next_dist_0_ujkl8._.js:2431
[  379212ms] [LOG] [Fast Refresh] rebuilding @ http://localhost:3000/_next/static/chunks/06j-_next_dist_0_ujkl8._.js:2431
[  379236ms] [LOG] [Fast Refresh] done in 51ms @ http://localhost:3000/_next/static/chunks/06j-_next_dist_0_ujkl8._.js:2431
[  874945ms] [LOG] [Fast Refresh] rebuilding @ http://localhost:3000/_next/static/chunks/06j-_next_dist_0_ujkl8._.js:2431
[  875483ms] [LOG] [Fast Refresh] done in 641ms @ http://localhost:3000/_next/static/chunks/06j-_next_dist_0_ujkl8._.js:2431
[78371634ms] [ERROR] WebSocket connection to 'ws://localhost:3000/_next/webpack-hmr?id=Odbm6xx2X9mXo-FVN73S3' failed: Error in connection establishment: net::ERR_CONNECTION_REFUSED @ http://localhost:3000/_next/static/chunks/06j-_next_dist_client_0.0w1yb._.js:13299
[78372638ms] [ERROR] WebSocket connection to 'ws://localhost:3000/_next/webpack-hmr?id=Odbm6xx2X9mXo-FVN73S3' failed: Error in connection establishment: net::ERR_CONNECTION_REFUSED @ http://localhost:3000/_next/static/chunks/06j-_next_dist_client_0.0w1yb._.js:13299
[78373642ms] [ERROR] WebSocket connection to 'ws://localhost:3000/_next/webpack-hmr?id=Odbm6xx2X9mXo-FVN73S3' failed: Error in connection establishment: net::ERR_CONNECTION_REFUSED @ http://localhost:3000/_next/static/chunks/06j-_next_dist_client_0.0w1yb._.js:13299
[78374646ms] [ERROR] WebSocket connection to 'ws://localhost:3000/_next/webpack-hmr?id=Odbm6xx2X9mXo-FVN73S3' failed: Error in connection establishment: net::ERR_CONNECTION_REFUSED @ http://localhost:3000/_next/static/chunks/06j-_next_dist_client_0.0w1yb._.js:13299
[78375650ms] [ERROR] WebSocket connection to 'ws://localhost:3000/_next/webpack-hmr?id=Odbm6xx2X9mXo-FVN73S3' failed: Error in connection establishment: net::ERR_CONNECTION_REFUSED @ http://localhost:3000/_next/static/chunks/06j-_next_dist_client_0.0w1yb._.js:13299
[78380680ms] [ERROR] WebSocket connection to 'ws://localhost:3000/_next/webpack-hmr?id=Odbm6xx2X9mXo-FVN73S3' failed: Error in connection establishment: net::ERR_CONNECTION_REFUSED @ http://localhost:3000/_next/static/chunks/06j-_next_dist_client_0.0w1yb._.js:13299
[78385687ms] [ERROR] WebSocket connection to 'ws://localhost:3000/_next/webpack-hmr?id=Odbm6xx2X9mXo-FVN73S3' failed: Error in connection establishment: net::ERR_CONNECTION_REFUSED @ http://localhost:3000/_next/static/chunks/06j-_next_dist_client_0.0w1yb._.js:13299
[78390695ms] [ERROR] WebSocket connection to 'ws://localhost:3000/_next/webpack-hmr?id=Odbm6xx2X9mXo-FVN73S3' failed: Error in connection establishment: net::ERR_CONNECTION_REFUSED @ http://localhost:3000/_next/static/chunks/06j-_next_dist_client_0.0w1yb._.js:13299
[78395728ms] [ERROR] WebSocket connection to 'ws://localhost:3000/_next/webpack-hmr?id=Odbm6xx2X9mXo-FVN73S3' failed: Error in connection establishment: net::ERR_CONNECTION_REFUSED @ http://localhost:3000/_next/static/chunks/06j-_next_dist_client_0.0w1yb._.js:13299
[78400777ms] [ERROR] WebSocket connection to 'ws://localhost:3000/_next/webpack-hmr?id=Odbm6xx2X9mXo-FVN73S3' failed: Error in connection establishment: net::ERR_CONNECTION_REFUSED @ http://localhost:3000/_next/static/chunks/06j-_next_dist_client_0.0w1yb._.js:13299
[78405893ms] [ERROR] WebSocket connection to 'ws://localhost:3000/_next/webpack-hmr?id=Odbm6xx2X9mXo-FVN73S3' failed: Error in connection establishment: net::ERR_CONNECTION_REFUSED @ http://localhost:3000/_next/static/chunks/06j-_next_dist_client_0.0w1yb._.js:13299
[78411210ms] [ERROR] WebSocket connection to 'ws://localhost:3000/_next/webpack-hmr?id=Odbm6xx2X9mXo-FVN73S3' failed: Error in connection establishment: net::ERR_CONNECTION_REFUSED @ http://localhost:3000/_next/static/chunks/06j-_next_dist_client_0.0w1yb._.js:13299
