[    3664ms] [INFO] %cDownload the React DevTools for a better development experience: https://react.dev/link/react-devtools font-weight:bold @ http://localhost:3001/_next/static/chunks/06j-_next_dist_0_ujkl8._.js:2431
[    3757ms] [LOG] [HMR] connected @ http://localhost:3001/_next/static/chunks/06j-_next_dist_0_ujkl8._.js:2431
[    3943ms] [LOG] [Fast Refresh] rebuilding @ http://localhost:3001/_next/static/chunks/06j-_next_dist_0_ujkl8._.js:2431
[    4298ms] [LOG] [Fast Refresh] done in 467ms @ http://localhost:3001/_next/static/chunks/06j-_next_dist_0_ujkl8._.js:2431
[   12506ms] [ERROR] WebSocket connection to 'wss://lyoesgwecpcoaylsyiys.supabase.co/realtime/v1/websocket?apikey=eyJhbGciOiJIUzI1NiIsInR5cCI6IkpXVCJ9.eyJpc3MiOiJzdXBhYmFzZSIsInJlZiI6Imx5b2VzZ3dlY3Bjb2F5bHN5aXlzIiwicm9sZSI6ImFub24iLCJpYXQiOjE3Njg3OTM1NTAsImV4cCI6MjA4NDM2OTU1MH0.aLr2t6wxmNrqGQ2tD_gb3a-L7vDtDmvKQuy7mSBDaP8&vsn=1.0.0' failed:  @ http://localhost:3001/_next/static/chunks/06j-_13e63i1._.js:3527
[   12506ms] [ERROR] WebSocket connection to 'ws://localhost:3001/_next/webpack-hmr?id=ljRF-iQ-FWJxuba7MBX2y' failed:  @ http://localhost:3001/_next/static/chunks/06j-_next_dist_client_0.0w1yb._.js:13299
[   13512ms] [ERROR] WebSocket connection to 'ws://localhost:3001/_next/webpack-hmr?id=ljRF-iQ-FWJxuba7MBX2y' failed: Error in connection establishment: net::ERR_CONNECTION_REFUSED @ http://localhost:3001/_next/static/chunks/06j-_next_dist_client_0.0w1yb._.js:13299
[   14514ms] [ERROR] WebSocket connection to 'ws://localhost:3001/_next/webpack-hmr?id=ljRF-iQ-FWJxuba7MBX2y' failed: Error in connection establishment: net::ERR_CONNECTION_REFUSED @ http://localhost:3001/_next/static/chunks/06j-_next_dist_client_0.0w1yb._.js:13299
[   15515ms] [ERROR] WebSocket connection to 'ws://localhost:3001/_next/webpack-hmr?id=ljRF-iQ-FWJxuba7MBX2y' failed: Error in connection establishment: net::ERR_CONNECTION_REFUSED @ http://localhost:3001/_next/static/chunks/06j-_next_dist_client_0.0w1yb._.js:13299
[   16517ms] [ERROR] WebSocket connection to 'ws://localhost:3001/_next/webpack-hmr?id=ljRF-iQ-FWJxuba7MBX2y' failed: Error in connection establishment: net::ERR_CONNECTION_REFUSED @ http://localhost:3001/_next/static/chunks/06j-_next_dist_client_0.0w1yb._.js:13299
[   17519ms] [ERROR] WebSocket connection to 'ws://localhost:3001/_next/webpack-hmr?id=ljRF-iQ-FWJxuba7MBX2y' failed: Error in connection establishment: net::ERR_CONNECTION_REFUSED @ http://localhost:3001/_next/static/chunks/06j-_next_dist_client_0.0w1yb._.js:13299
[   18965ms] [ERROR] Failed to load resource: net::ERR_CONNECTION_REFUSED @ http://localhost:3001/api/text-overrides?pathname=%2F:0
[   22524ms] [ERROR] WebSocket connection to 'ws://localhost:3001/_next/webpack-hmr?id=ljRF-iQ-FWJxuba7MBX2y' failed: Error in connection establishment: net::ERR_CONNECTION_REFUSED @ http://localhost:3001/_next/static/chunks/06j-_next_dist_client_0.0w1yb._.js:13299
[   27528ms] [ERROR] WebSocket connection to 'ws://localhost:3001/_next/webpack-hmr?id=ljRF-iQ-FWJxuba7MBX2y' failed: Error in connection establishment: net::ERR_CONNECTION_REFUSED @ http://localhost:3001/_next/static/chunks/06j-_next_dist_client_0.0w1yb._.js:13299
[   32531ms] [ERROR] WebSocket connection to 'ws://localhost:3001/_next/webpack-hmr?id=ljRF-iQ-FWJxuba7MBX2y' failed: Error in connection establishment: net::ERR_CONNECTION_REFUSED @ http://localhost:3001/_next/static/chunks/06j-_next_dist_client_0.0w1yb._.js:13299
[   33968ms] [ERROR] Failed to load resource: net::ERR_CONNECTION_REFUSED @ http://localhost:3001/api/text-overrides?pathname=%2F:0
[   37534ms] [ERROR] WebSocket connection to 'ws://localhost:3001/_next/webpack-hmr?id=ljRF-iQ-FWJxuba7MBX2y' failed: Error in connection establishment: net::ERR_CONNECTION_REFUSED @ http://localhost:3001/_next/static/chunks/06j-_next_dist_client_0.0w1yb._.js:13299
[   42540ms] [ERROR] WebSocket connection to 'ws://localhost:3001/_next/webpack-hmr?id=ljRF-iQ-FWJxuba7MBX2y' failed: Error in connection establishment: net::ERR_CONNECTION_REFUSED @ http://localhost:3001/_next/static/chunks/06j-_next_dist_client_0.0w1yb._.js:13299
[   47546ms] [ERROR] WebSocket connection to 'ws://localhost:3001/_next/webpack-hmr?id=ljRF-iQ-FWJxuba7MBX2y' failed: Error in connection establishment: net::ERR_CONNECTION_REFUSED @ http://localhost:3001/_next/static/chunks/06j-_next_dist_client_0.0w1yb._.js:13299
[   48967ms] [ERROR] Failed to load resource: net::ERR_CONNECTION_REFUSED @ http://localhost:3001/api/text-overrides?pathname=%2F:0
[   52552ms] [ERROR] WebSocket connection to 'ws://localhost:3001/_next/webpack-hmr?id=ljRF-iQ-FWJxuba7MBX2y' failed: Error in connection establishment: net::ERR_CONNECTION_REFUSED @ http://localhost:3001/_next/static/chunks/06j-_next_dist_client_0.0w1yb._.js:13299
